执行日期：2017-06-20-09：23：59
array (
  0 => '/home/wwwroot/fanwe/mapi/lib/music.action.php',
  1 => 461,
  2 => 'musicModule::downurl',
  3 => 
  array (
    'error_code' => 22000,
  ),
)

执行日期：2017-06-20-09：24：08
array (
  0 => '/home/wwwroot/fanwe/mapi/lib/music.action.php',
  1 => 461,
  2 => 'musicModule::downurl',
  3 => 
  array (
    'error_code' => 22000,
  ),
)

执行日期：2017-06-20-09：47：19
array (
  0 => '/home/wwwroot/fanwe/system/libs/cart.php',
  1 => 364,
  2 => 'payment_paid',
  3 => 
  array (
    'error' => '更新订单失败',
    'payment_info' => 
    array (
      'id' => '82',
      'notice_sn' => '20170620094146963',
      'create_time' => '1497894106',
      'pay_time' => '1497894124',
      'order_id' => '0',
      'is_paid' => '1',
      'user_id' => '100457',
      'payment_id' => '4',
      'bank_id' => '',
      'memo' => '',
      'money' => '6.00',
      'outer_notice_sn' => '2017062021001004100200222765',
      'deal_id' => '0',
      'deal_name' => '',
      'is_has_send_success' => '0',
      'paid_send' => '0',
      'pay_date' => '2017-06-20',
      'recharge_id' => '8',
      'recharge_name' => '钻石60',
      'product_id' => '',
      'iap_receipt' => NULL,
      'diamonds' => '600',
      'type' => '0',
    ),
  ),
)

执行日期：2017-06-20-09：55：46
array (
  0 => 'android',
  1 => '201706241',
  2 => '',
  3 => 'dalvik/2.1.0 (linux; u; android 7.0; pra-al00x build/honorpra-al00x)',
  4 => 'ctl=login,act=do_login:java.net.SocketTimeoutException: timeout',
)

执行日期：2017-06-20-10：11：13
array (
  0 => 'android',
  1 => '201706241',
  2 => '',
  3 => 'dalvik/2.1.0 (linux; u; android 6.0.1; mi 4lte miui/v8.1.3.0.mxdcndi)',
  4 => 'ctl=index,act=index:java.net.SocketTimeoutException: timeout',
)

执行日期：2017-06-20-10：15：19
array (
  0 => 'android',
  1 => '201706241',
  2 => '',
  3 => 'dalvik/2.1.0 (linux; u; android 6.0.1; sm-g9250 build/mmb29k)',
  4 => 'ctl=app,act=init:java.net.SocketTimeoutException: timeout',
)

执行日期：2017-06-20-10：15：34
array (
  0 => 'android',
  1 => '201706241',
  2 => '',
  3 => 'dalvik/2.1.0 (linux; u; android 6.0.1; sm-g9250 build/mmb29k)',
  4 => 'ctl=app,act=init:java.net.SocketTimeoutException: timeout',
)

执行日期：2017-06-20-10：15：57
array (
  0 => 'android',
  1 => '201706241',
  2 => '',
  3 => 'dalvik/2.1.0 (linux; u; android 6.0.1; sm-g9250 build/mmb29k)',
  4 => 'ctl=app,act=init:java.net.SocketTimeoutException: timeout',
)

执行日期：2017-06-20-10：32：53
array (
  0 => 'android',
  1 => '201706241',
  2 => '',
  3 => 'dalvik/2.1.0 (linux; u; android 6.0.1; mi 5 miui/v8.1.6.0.maacndi)',
  4 => 'ctl=user_center,act=user_save:java.io.IOException: unexpected end of stream on Connection{www.pidantv.com:443, proxy=DIRECT@ hostAddress=120.55.16.24 cipherSuite=TLS_ECDHE_RSA_WITH_AES_128_GCM_SHA256 protocol=http/1.1} (recycle count=2)',
)

执行日期：2017-06-20-10：36：20
array (
  0 => 'android',
  1 => '201706241',
  2 => '',
  3 => 'dalvik/2.1.0 (linux; u; android 6.0.1; mi 4lte miui/v8.1.3.0.mxdcndi)',
  4 => 'ctl=index,act=index:java.net.SocketTimeoutException: timeout',
)

执行日期：2017-06-20-10：38：53
array (
  0 => 'android',
  1 => '201706241',
  2 => '',
  3 => 'dalvik/2.1.0 (linux; u; android 6.0.1; mi 4lte miui/v8.1.3.0.mxdcndi)',
  4 => 'ctl=index,act=focus_video:java.io.IOException: unexpected end of stream on Connection{www.pidantv.com:443, proxy=DIRECT@ hostAddress=120.55.16.24 cipherSuite=TLS_ECDHE_RSA_WITH_AES_128_GCM_SHA256 protocol=http/1.1} (recycle count=2)',
)

执行日期：2017-06-20-10：38：54
array (
  0 => 'android',
  1 => '201706241',
  2 => '',
  3 => 'dalvik/2.1.0 (linux; u; android 6.0.1; mi 4lte miui/v8.1.3.0.mxdcndi)',
  4 => 'ctl=index,act=index:java.io.IOException: unexpected end of stream on Connection{www.pidantv.com:443, proxy=DIRECT@ hostAddress=120.55.16.24 cipherSuite=TLS_ECDHE_RSA_WITH_AES_128_GCM_SHA256 protocol=http/1.1} (recycle count=3)',
)

执行日期：2017-06-20-10：40：36
array (
  0 => '/home/wwwroot/fanwe/mapi/lib/music.action.php',
  1 => 461,
  2 => 'musicModule::downurl',
  3 => 
  array (
    'error_code' => 22000,
  ),
)

执行日期：2017-06-20-10：40：41
array (
  0 => '/home/wwwroot/fanwe/mapi/lib/music.action.php',
  1 => 461,
  2 => 'musicModule::downurl',
  3 => 
  array (
    'error_code' => 22000,
  ),
)

执行日期：2017-06-20-10：40：57
array (
  0 => 'android',
  1 => '201706241',
  2 => '',
  3 => 'dalvik/2.1.0 (linux; u; android 6.0; huawei vns-al00 build/huaweivns-al00)',
  4 => 'ctl=video,act=monitor:java.io.IOException: unexpected end of stream on Connection{www.pidantv.com:443, proxy=DIRECT@ hostAddress=120.55.16.24 cipherSuite=TLS_ECDHE_RSA_WITH_AES_128_GCM_SHA256 protocol=http/1.1} (recycle count=2)',
)

执行日期：2017-06-20-10：48：47
array (
  0 => 'android',
  1 => '201706241',
  2 => '',
  3 => 'dalvik/2.1.0 (linux; u; android 6.0.1; mi 5 miui/v8.1.6.0.maacndi)',
  4 => 'ctl=user_center,act=user_save:java.net.SocketTimeoutException: timeout',
)

执行日期：2017-06-20-10：48：48
array (
  0 => 'android',
  1 => '201706241',
  2 => '',
  3 => 'dalvik/2.1.0 (linux; u; android 6.0.1; mi 5 miui/v8.1.6.0.maacndi)',
  4 => 'ctl=user_center,act=user_save:java.net.SocketTimeoutException: timeout',
)

执行日期：2017-06-20-10：49：51
array (
  0 => 'android',
  1 => '201706241',
  2 => '',
  3 => 'dalvik/2.1.0 (linux; u; android 6.0.1; mi 5 miui/v8.1.6.0.maacndi)',
  4 => 'ctl=index,act=new_video:java.net.SocketTimeoutException: timeout',
)

执行日期：2017-06-20-10：50：46
array (
  0 => 'android',
  1 => '201706241',
  2 => '',
  3 => 'dalvik/2.1.0 (linux; u; android 6.0.1; mi 5 miui/v8.1.6.0.maacndi)',
  4 => 'ctl=index,act=new_video:javax.net.ssl.SSLException: Read error: ssl=0xdd71c1c0: I/O error during system call, Connection reset by peer',
)

执行日期：2017-06-20-10：51：34
array (
  0 => 'android',
  1 => '201706241',
  2 => '',
  3 => 'dalvik/2.1.0 (linux; u; android 6.0.1; mi 5 miui/v8.1.6.0.maacndi)',
  4 => 'ctl=index,act=index:java.net.SocketTimeoutException: timeout',
)

执行日期：2017-06-20-10：51：41
array (
  0 => '/home/wwwroot/fanwe/system/libs/cart.php',
  1 => 364,
  2 => 'payment_paid',
  3 => 
  array (
    'error' => '更新订单失败',
    'payment_info' => 
    array (
      'id' => '81',
      'notice_sn' => '20170620092500765',
      'create_time' => '1497893100',
      'pay_time' => '1497894576',
      'order_id' => '0',
      'is_paid' => '1',
      'user_id' => '100457',
      'payment_id' => '4',
      'bank_id' => '',
      'memo' => '',
      'money' => '6.00',
      'outer_notice_sn' => '2017062021001004100200201228',
      'deal_id' => '0',
      'deal_name' => '',
      'is_has_send_success' => '0',
      'paid_send' => '0',
      'pay_date' => '2017-06-20',
      'recharge_id' => '8',
      'recharge_name' => '钻石60',
      'product_id' => '',
      'iap_receipt' => NULL,
      'diamonds' => '600',
      'type' => '0',
    ),
  ),
)

执行日期：2017-06-20-11：01：22
array (
  0 => '/home/wwwroot/fanwe/mapi/lib/music.action.php',
  1 => 461,
  2 => 'musicModule::downurl',
  3 => 
  array (
    'error_code' => 22000,
  ),
)

执行日期：2017-06-20-11：03：25
array (
  0 => '/home/wwwroot/fanwe/mapi/lib/music.action.php',
  1 => 461,
  2 => 'musicModule::downurl',
  3 => 
  array (
    'error_code' => 22000,
  ),
)

执行日期：2017-06-20-11：07：08
array (
  0 => '/home/wwwroot/fanwe/mapi/lib/music.action.php',
  1 => 461,
  2 => 'musicModule::downurl',
  3 => 
  array (
    'error_code' => 22000,
  ),
)

执行日期：2017-06-20-11：08：26
array (
  0 => '/home/wwwroot/fanwe/mapi/lib/music.action.php',
  1 => 461,
  2 => 'musicModule::downurl',
  3 => 
  array (
    'error_code' => 22000,
  ),
)

执行日期：2017-06-20-11：21：41
array (
  0 => '/home/wwwroot/fanwe/mapi/lib/music.action.php',
  1 => 461,
  2 => 'musicModule::downurl',
  3 => 
  array (
    'error_code' => 22000,
  ),
)

执行日期：2017-06-20-11：21：59
array (
  0 => '/home/wwwroot/fanwe/mapi/lib/music.action.php',
  1 => 461,
  2 => 'musicModule::downurl',
  3 => 
  array (
    'error_code' => 22000,
  ),
)

执行日期：2017-06-20-11：23：35
array (
  0 => '/home/wwwroot/fanwe/mapi/lib/music.action.php',
  1 => 461,
  2 => 'musicModule::downurl',
  3 => 
  array (
    'error_code' => 22000,
  ),
)

执行日期：2017-06-20-11：23：44
array (
  0 => '/home/wwwroot/fanwe/mapi/lib/music.action.php',
  1 => 461,
  2 => 'musicModule::downurl',
  3 => 
  array (
    'error_code' => 22000,
  ),
)

执行日期：2017-06-20-11：42：53
array (
  0 => 'android',
  1 => '201706241',
  2 => '',
  3 => 'dalvik/2.1.0 (linux; u; android 5.0.2; vivo x5m build/lrx22g)',
  4 => 'ctl=app,act=init:java.net.SocketTimeoutException: Read timed out',
)

执行日期：2017-06-20-12：50：12
array (
  0 => '/home/wwwroot/fanwe/system/libs/cart.php',
  1 => 364,
  2 => 'payment_paid',
  3 => 
  array (
    'error' => '更新订单失败',
    'payment_info' => 
    array (
      'id' => '81',
      'notice_sn' => '20170620092500765',
      'create_time' => '1497893100',
      'pay_time' => '1497894576',
      'order_id' => '0',
      'is_paid' => '1',
      'user_id' => '100457',
      'payment_id' => '4',
      'bank_id' => '',
      'memo' => '',
      'money' => '6.00',
      'outer_notice_sn' => '2017062021001004100200201228',
      'deal_id' => '0',
      'deal_name' => '',
      'is_has_send_success' => '0',
      'paid_send' => '0',
      'pay_date' => '2017-06-20',
      'recharge_id' => '8',
      'recharge_name' => '钻石60',
      'product_id' => '',
      'iap_receipt' => NULL,
      'diamonds' => '600',
      'type' => '0',
    ),
  ),
)

执行日期：2017-06-20-13：04：20
array (
  0 => 'android',
  1 => '201706241',
  2 => '',
  3 => 'dalvik/2.1.0 (linux; u; android 6.0.1; sm-g9250 build/mmb29k)',
  4 => 'ctl=app,act=init:java.net.SocketTimeoutException: timeout',
)

执行日期：2017-06-20-14：00：02
array (
  0 => '/home/wwwroot/fanwe/mapi/lib/music.action.php',
  1 => 461,
  2 => 'musicModule::downurl',
  3 => 
  array (
    'error_code' => 22000,
  ),
)

执行日期：2017-06-20-14：10：37
array (
  0 => 'android',
  1 => '201706241',
  2 => '',
  3 => 'dalvik/2.1.0 (linux; u; android 5.0; r7plus build/lrx21m)',
  4 => 'ctl=app,act=init:java.net.SocketTimeoutException: Read timed out',
)

执行日期：2017-06-20-14：10：52
array (
  0 => 'android',
  1 => '201706241',
  2 => '',
  3 => 'dalvik/2.1.0 (linux; u; android 5.0; r7plus build/lrx21m)',
  4 => 'ctl=app,act=init:java.net.SocketTimeoutException: Read timed out',
)

执行日期：2017-06-20-14：31：47
array (
  0 => 'android',
  1 => '201706241',
  2 => '',
  3 => 'dalvik/2.1.0 (linux; u; android 5.1.1; vivo x6s a build/lmy47v)',
  4 => 'ctl=app,act=init:java.net.SocketTimeoutException: Read timed out',
)

执行日期：2017-06-20-14：31：55
array (
  0 => 'android',
  1 => '201706241',
  2 => '',
  3 => 'dalvik/2.1.0 (linux; u; android 5.1.1; vivo x6s a build/lmy47v)',
  4 => 'ctl=login,act=qq_login:java.net.SocketTimeoutException: Read timed out',
)

执行日期：2017-06-20-14：35：31
array (
  0 => 'android',
  1 => '201706241',
  2 => '',
  3 => 'dalvik/2.1.0 (linux; u; android 5.1.1; vivo x6s a build/lmy47v)',
  4 => 'ctl=login,act=do_update:java.net.SocketTimeoutException: Read timed out',
)

执行日期：2017-06-20-14：36：46
array (
  0 => 'android',
  1 => '201706241',
  2 => '',
  3 => 'dalvik/2.1.0 (linux; u; android 5.1.1; vivo x6s a build/lmy47v)',
  4 => 'ctl=login,act=do_update:java.net.SocketTimeoutException: Read timed out',
)

执行日期：2017-06-20-14：42：42
array (
  0 => 'android',
  1 => '201706241',
  2 => '',
  3 => 'dalvik/2.1.0 (linux; u; android 6.0.1; vivo x9plus build/mmb29m)',
  4 => 'ctl=family,act=index:java.io.IOException: unexpected end of stream on Connection{www.pidantv.com:443, proxy=DIRECT@ hostAddress=120.55.16.24 cipherSuite=TLS_ECDHE_RSA_WITH_AES_128_GCM_SHA256 protocol=http/1.1} (recycle count=2)',
)

执行日期：2017-06-20-14：45：22
array (
  0 => 'android',
  1 => '201706241',
  2 => '',
  3 => 'dalvik/2.1.0 (linux; u; android 5.1.1; mi-4c miui/v8.2.1.0.lxkcndl)',
  4 => 'ctl=app,act=init:java.net.SocketTimeoutException: Read timed out',
)

执行日期：2017-06-20-14：45：27
array (
  0 => 'android',
  1 => '201706241',
  2 => '',
  3 => 'dalvik/2.1.0 (linux; u; android 5.1.1; mi-4c miui/v8.2.1.0.lxkcndl)',
  4 => 'ctl=app,act=init:java.net.SocketTimeoutException: Read timed out',
)

执行日期：2017-06-20-14：46：02
array (
  0 => 'android',
  1 => '201706241',
  2 => '',
  3 => 'dalvik/2.1.0 (linux; u; android 5.1.1; mi-4c miui/v8.2.1.0.lxkcndl)',
  4 => 'ctl=app,act=init:java.net.SocketTimeoutException: Read timed out',
)

执行日期：2017-06-20-15：00：51
array (
  0 => 'android',
  1 => '201706241',
  2 => '',
  3 => 'dalvik/2.1.0 (linux; u; android 6.0.1; mi 5 miui/v8.1.6.0.maacndi)',
  4 => 'ctl=user,act=my_follow:java.net.SocketTimeoutException: timeout',
)

执行日期：2017-06-20-15：02：20
array (
  0 => 'android',
  1 => '201706241',
  2 => '',
  3 => 'dalvik/2.1.0 (linux; u; android 6.0.1; mi 5 miui/v8.1.6.0.maacndi)',
  4 => 'ctl=index,act=new_video:java.net.SocketTimeoutException: timeout',
)

执行日期：2017-06-20-15：05：26
array (
  0 => 'android',
  1 => '201706241',
  2 => '',
  3 => 'dalvik/2.1.0 (linux; u; android 6.0.1; oppo r9s build/mmb29m)',
  4 => 'ctl=login,act=qq_login:java.net.SocketTimeoutException: timeout',
)

执行日期：2017-06-20-15：05：42
array (
  0 => 'android',
  1 => '201706241',
  2 => '',
  3 => 'dalvik/2.1.0 (linux; u; android 6.0.1; lex720 build/waxcnfn5902304261s)',
  4 => 'ctl=video,act=add_video:java.net.SocketTimeoutException: timeout',
)

执行日期：2017-06-20-15：06：18
array (
  0 => '/home/wwwroot/fanwe/system/libs/cart.php',
  1 => 364,
  2 => 'payment_paid',
  3 => 
  array (
    'error' => '更新订单失败',
    'payment_info' => 
    array (
      'id' => '85',
      'notice_sn' => '20170620150056548',
      'create_time' => '1497913256',
      'pay_time' => '1497913274',
      'order_id' => '0',
      'is_paid' => '1',
      'user_id' => '100502',
      'payment_id' => '4',
      'bank_id' => '',
      'memo' => '',
      'money' => '100.00',
      'outer_notice_sn' => '2017062021001004380296272811',
      'deal_id' => '0',
      'deal_name' => '',
      'is_has_send_success' => '0',
      'paid_send' => '0',
      'pay_date' => '2017-06-20',
      'recharge_id' => '2',
      'recharge_name' => '金币10000',
      'product_id' => '',
      'iap_receipt' => NULL,
      'diamonds' => '10000',
      'type' => '0',
    ),
  ),
)

执行日期：2017-06-20-15：07：07
array (
  0 => 'android',
  1 => '201706241',
  2 => '',
  3 => 'dalvik/2.1.0 (linux; u; android 6.0.1; lex720 build/waxcnfn5902304261s)',
  4 => 'ctl=video,act=end_video:java.net.SocketTimeoutException: timeout',
)

执行日期：2017-06-20-15：13：40
array (
  0 => 'android',
  1 => '201706241',
  2 => '',
  3 => 'dalvik/2.1.0 (linux; u; android 6.0.1; mi 5 miui/v8.1.6.0.maacndi)',
  4 => 'ctl=index,act=index:java.net.SocketTimeoutException: timeout',
)

执行日期：2017-06-20-15：16：08
array (
  0 => '/home/wwwroot/fanwe/system/libs/cart.php',
  1 => 364,
  2 => 'payment_paid',
  3 => 
  array (
    'error' => '更新订单失败',
    'payment_info' => 
    array (
      'id' => '85',
      'notice_sn' => '20170620150056548',
      'create_time' => '1497913256',
      'pay_time' => '1497913274',
      'order_id' => '0',
      'is_paid' => '1',
      'user_id' => '100502',
      'payment_id' => '4',
      'bank_id' => '',
      'memo' => '',
      'money' => '100.00',
      'outer_notice_sn' => '2017062021001004380296272811',
      'deal_id' => '0',
      'deal_name' => '',
      'is_has_send_success' => '0',
      'paid_send' => '0',
      'pay_date' => '2017-06-20',
      'recharge_id' => '2',
      'recharge_name' => '金币10000',
      'product_id' => '',
      'iap_receipt' => NULL,
      'diamonds' => '10000',
      'type' => '0',
    ),
  ),
)

执行日期：2017-06-20-15：19：30
array (
  0 => '/home/wwwroot/fanwe/mapi/lib/music.action.php',
  1 => 461,
  2 => 'musicModule::downurl',
  3 => 
  array (
    'error_code' => 22000,
  ),
)

执行日期：2017-06-20-15：20：25
array (
  0 => 'android',
  1 => '201706241',
  2 => '',
  3 => 'dalvik/2.1.0 (linux; u; android 6.0.1; mi 4lte miui/v8.1.3.0.mxdcndi)',
  4 => 'ctl=app,act=init:java.net.SocketTimeoutException: SSL handshake timed out',
)

执行日期：2017-06-20-15：21：50
array (
  0 => '/home/wwwroot/fanwe/system/libs/cart.php',
  1 => 364,
  2 => 'payment_paid',
  3 => 
  array (
    'error' => '更新订单失败',
    'payment_info' => 
    array (
      'id' => '86',
      'notice_sn' => '20170620151539606',
      'create_time' => '1497914139',
      'pay_time' => '1497914154',
      'order_id' => '0',
      'is_paid' => '1',
      'user_id' => '100500',
      'payment_id' => '4',
      'bank_id' => '',
      'memo' => '',
      'money' => '6.00',
      'outer_notice_sn' => '2017062021001004980246048370',
      'deal_id' => '0',
      'deal_name' => '',
      'is_has_send_success' => '0',
      'paid_send' => '0',
      'pay_date' => '2017-06-20',
      'recharge_id' => '8',
      'recharge_name' => '金币60',
      'product_id' => '',
      'iap_receipt' => NULL,
      'diamonds' => '600',
      'type' => '0',
    ),
  ),
)

执行日期：2017-06-20-15：22：40
array (
  0 => 'android',
  1 => '201706241',
  2 => '',
  3 => 'dalvik/2.1.0 (linux; u; android 6.0; vivo y67a build/mra58k)',
  4 => 'ctl=video,act=like:javax.net.ssl.SSLException: Read error: ssl=0xcf977ec0: I/O error during system call, Connection reset by peer',
)

执行日期：2017-06-20-15：24：45
array (
  0 => 'android',
  1 => '201706241',
  2 => '',
  3 => 'dalvik/2.1.0 (linux; u; android 6.0; vivo y67a build/mra58k)',
  4 => 'ctl=user,act=userinfo:java.net.SocketTimeoutException: timeout',
)

执行日期：2017-06-20-15：24：55
array (
  0 => 'android',
  1 => '201706241',
  2 => '',
  3 => 'dalvik/2.1.0 (linux; u; android 6.0; vivo y67a build/mra58k)',
  4 => 'ctl=user,act=state_change:java.net.SocketTimeoutException: timeout',
)

执行日期：2017-06-20-15：25：39
array (
  0 => 'android',
  1 => '201706241',
  2 => '',
  3 => 'dalvik/2.1.0 (linux; u; android 6.0.1; mi 4lte miui/v8.1.3.0.mxdcndi)',
  4 => 'ctl=index,act=index:java.net.SocketTimeoutException: timeout',
)

执行日期：2017-06-20-15：27：11
array (
  0 => 'android',
  1 => '201706241',
  2 => '',
  3 => 'dalvik/2.1.0 (linux; u; android 5.1.1; vivo x6s a build/lmy47v)',
  4 => 'ctl=index,act=focus_video:java.net.SocketTimeoutException: Read timed out',
)

执行日期：2017-06-20-15：29：20
array (
  0 => 'android',
  1 => '201706241',
  2 => '',
  3 => 'dalvik/2.1.0 (linux; u; android 6.0; vivo y67a build/mra58k)',
  4 => 'ctl=index,act=focus_video:java.net.SocketTimeoutException: timeout',
)

执行日期：2017-06-20-15：31：48
array (
  0 => '/home/wwwroot/fanwe/system/libs/cart.php',
  1 => 364,
  2 => 'payment_paid',
  3 => 
  array (
    'error' => '更新订单失败',
    'payment_info' => 
    array (
      'id' => '86',
      'notice_sn' => '20170620151539606',
      'create_time' => '1497914139',
      'pay_time' => '1497914154',
      'order_id' => '0',
      'is_paid' => '1',
      'user_id' => '100500',
      'payment_id' => '4',
      'bank_id' => '',
      'memo' => '',
      'money' => '6.00',
      'outer_notice_sn' => '2017062021001004980246048370',
      'deal_id' => '0',
      'deal_name' => '',
      'is_has_send_success' => '0',
      'paid_send' => '0',
      'pay_date' => '2017-06-20',
      'recharge_id' => '8',
      'recharge_name' => '金币60',
      'product_id' => '',
      'iap_receipt' => NULL,
      'diamonds' => '600',
      'type' => '0',
    ),
  ),
)

执行日期：2017-06-20-15：31：51
array (
  0 => '/home/wwwroot/fanwe/mapi/lib/music.action.php',
  1 => 461,
  2 => 'musicModule::downurl',
  3 => 
  array (
    'error_code' => 22000,
  ),
)

执行日期：2017-06-20-15：31：57
array (
  0 => '/home/wwwroot/fanwe/mapi/lib/music.action.php',
  1 => 461,
  2 => 'musicModule::downurl',
  3 => 
  array (
    'error_code' => 22000,
  ),
)

执行日期：2017-06-20-15：34：01
array (
  0 => 'android',
  1 => '201706241',
  2 => '',
  3 => 'dalvik/2.1.0 (linux; u; android 7.0; mi-4c miui/7.3.29)',
  4 => 'ctl=app,act=init:java.net.SocketTimeoutException: timeout',
)

执行日期：2017-06-20-15：35：13
array (
  0 => 'android',
  1 => '201706241',
  2 => '',
  3 => 'dalvik/2.1.0 (linux; u; android 6.0.1; sm-g9250 build/mmb29k)',
  4 => 'ctl=user_center,act=user_save:java.io.IOException: unexpected end of stream on Connection{www.pidantv.com:443, proxy=DIRECT@ hostAddress=120.55.16.24 cipherSuite=TLS_ECDHE_RSA_WITH_AES_128_GCM_SHA256 protocol=http/1.1} (recycle count=1)',
)

执行日期：2017-06-20-15：38：23
array (
  0 => 'android',
  1 => '201706241',
  2 => '',
  3 => 'dalvik/2.1.0 (linux; u; android 6.0.1; mi 5 miui/v8.1.6.0.maacndi)',
  4 => 'ctl=index,act=new_video:java.net.SocketTimeoutException: timeout',
)

执行日期：2017-06-20-15：40：14
array (
  0 => '/home/wwwroot/fanwe/system/libs/cart.php',
  1 => 364,
  2 => 'payment_paid',
  3 => 
  array (
    'error' => '更新订单失败',
    'payment_info' => 
    array (
      'id' => '86',
      'notice_sn' => '20170620151539606',
      'create_time' => '1497914139',
      'pay_time' => '1497914154',
      'order_id' => '0',
      'is_paid' => '1',
      'user_id' => '100500',
      'payment_id' => '4',
      'bank_id' => '',
      'memo' => '',
      'money' => '6.00',
      'outer_notice_sn' => '2017062021001004980246048370',
      'deal_id' => '0',
      'deal_name' => '',
      'is_has_send_success' => '0',
      'paid_send' => '0',
      'pay_date' => '2017-06-20',
      'recharge_id' => '8',
      'recharge_name' => '金币60',
      'product_id' => '',
      'iap_receipt' => NULL,
      'diamonds' => '600',
      'type' => '0',
    ),
  ),
)

执行日期：2017-06-20-15：50：36
array (
  0 => 'android',
  1 => '201706241',
  2 => '',
  3 => 'dalvik/2.1.0 (linux; u; android 6.0.1; mi 5 miui/v8.1.6.0.maacndi)',
  4 => 'ctl=app,act=init:java.net.SocketTimeoutException: timeout',
)

执行日期：2017-06-20-15：52：44
array (
  0 => 'android',
  1 => '201706241',
  2 => '',
  3 => 'dalvik/2.1.0 (linux; u; android 6.0.1; redmi 3s miui/v8.1.4.0.malcndi)',
  4 => 'ctl=app,act=init:java.net.SocketTimeoutException: timeout',
)

执行日期：2017-06-20-15：52：52
array (
  0 => 'android',
  1 => '201706241',
  2 => '',
  3 => 'dalvik/2.1.0 (linux; u; android 6.0.1; redmi 3s miui/v8.1.4.0.malcndi)',
  4 => 'ctl=app,act=init:java.net.SocketTimeoutException: timeout',
)

执行日期：2017-06-20-15：53：13
array (
  0 => 'android',
  1 => '201706241',
  2 => '',
  3 => 'dalvik/2.1.0 (linux; u; android 6.0.1; redmi 3s miui/v8.1.4.0.malcndi)',
  4 => 'ctl=app,act=init:java.net.SocketTimeoutException: failed to connect to www.pidantv.com/120.55.16.24 (port 443) after 15000ms',
)

执行日期：2017-06-20-15：57：03
array (
  0 => 'android',
  1 => '201706241',
  2 => '',
  3 => 'dalvik/2.1.0 (linux; u; android 5.1.1; vivo x6s a build/lmy47v)',
  4 => 'ctl=user,act=userinfo:java.net.SocketTimeoutException: Read timed out',
)

执行日期：2017-06-20-15：59：02
array (
  0 => 'android',
  1 => '201706241',
  2 => '',
  3 => 'dalvik/2.1.0 (linux; u; android 5.1.1; vivo x6s a build/lmy47v)',
  4 => 'ctl=user,act=state_change:java.io.EOFException',
)

执行日期：2017-06-20-16：02：43
array (
  0 => 'android',
  1 => '201706241',
  2 => '',
  3 => 'dalvik/2.1.0 (linux; u; android 5.1.1; mi-4c miui/v8.2.1.0.lxkcndl)',
  4 => 'ctl=app,act=init:java.net.SocketTimeoutException: Read timed out',
)

执行日期：2017-06-20-16：08：29
array (
  0 => 'android',
  1 => '201706241',
  2 => '',
  3 => 'dalvik/2.1.0 (linux; u; android 6.0.1; mi 5 miui/v8.1.6.0.maacndi)',
  4 => 'ctl=index,act=new_video:java.net.ConnectException: failed to connect to www.pidantv.com/120.55.16.24 (port 443) after 15000ms: isConnected failed: EHOSTUNREACH (No route to host)',
)

执行日期：2017-06-20-16：09：49
array (
  0 => 'android',
  1 => '201706241',
  2 => '',
  3 => 'dalvik/2.1.0 (linux; u; android 5.1; oppo a59s build/lmy47i)',
  4 => 'ctl=app,act=init:java.net.SocketTimeoutException: Read timed out',
)

执行日期：2017-06-20-16：10：04
array (
  0 => 'android',
  1 => '201706241',
  2 => '',
  3 => 'dalvik/2.1.0 (linux; u; android 5.1; oppo a59s build/lmy47i)',
  4 => 'ctl=app,act=init:java.net.SocketTimeoutException: Read timed out',
)

执行日期：2017-06-20-16：14：19
array (
  0 => 'android',
  1 => '201706241',
  2 => '',
  3 => 'dalvik/2.1.0 (linux; u; android 5.1.1; mi-4c miui/v8.2.1.0.lxkcndl)',
  4 => 'ctl=app,act=init:java.net.SocketTimeoutException: Read timed out',
)

执行日期：2017-06-20-16：14：48
array (
  0 => 'android',
  1 => '201706241',
  2 => '',
  3 => 'dalvik/2.1.0 (linux; u; android 6.0.1; sm-g9250 build/mmb29k)',
  4 => 'ctl=app,act=init:java.net.SocketTimeoutException: timeout',
)

执行日期：2017-06-20-16：14：55
array (
  0 => 'android',
  1 => '201706241',
  2 => '',
  3 => 'dalvik/1.6.0 (linux; u; android 4.0.4; vivo s6t build/imm76d)',
  4 => 'ctl=index,act=focus_video:java.net.SocketTimeoutException: Read timed out',
)

执行日期：2017-06-20-16：14：58
array (
  0 => 'android',
  1 => '201706241',
  2 => '',
  3 => 'dalvik/1.6.0 (linux; u; android 4.0.4; vivo s6t build/imm76d)',
  4 => 'ctl=user,act=userinfo:javax.net.ssl.SSLHandshakeException: javax.net.ssl.SSLProtocolException: SSL handshake aborted: ssl=0x2754e70: Failure in SSL library, usually a protocol error
error:14077410:SSL routines:SSL23_GET_SERVER_HELLO:sslv3 alert handshake failure (external/openssl/ssl/s23_clnt.c:658 0x4019c51a:0x00000000)',
)

执行日期：2017-06-20-16：22：29
array (
  0 => 'android',
  1 => '201706241',
  2 => '',
  3 => 'dalvik/2.1.0 (linux; u; android 5.1.1; vivo v3max a build/lmy47v)',
  4 => 'ctl=app,act=init:java.net.SocketTimeoutException: Read timed out',
)

执行日期：2017-06-20-16：22：52
array (
  0 => 'android',
  1 => '201706241',
  2 => '',
  3 => 'dalvik/2.1.0 (linux; u; android 5.1.1; vivo v3max a build/lmy47v)',
  4 => 'ctl=login,act=qq_login:java.net.SocketTimeoutException: Read timed out',
)

执行日期：2017-06-20-16：23：12
array (
  0 => 'android',
  1 => '201706241',
  2 => '',
  3 => 'dalvik/2.1.0 (linux; u; android 5.0.2; redmi note 2 miui/v8.1.3.0.lhmcndi)',
  4 => 'ctl=app,act=init:java.net.SocketTimeoutException: Read timed out',
)

执行日期：2017-06-20-16：23：19
array (
  0 => 'android',
  1 => '201706241',
  2 => '',
  3 => 'dalvik/2.1.0 (linux; u; android 5.1.1; vivo v3max a build/lmy47v)',
  4 => 'ctl=app,act=init:java.net.SocketTimeoutException: Read timed out',
)

执行日期：2017-06-20-16：23：20
array (
  0 => 'android',
  1 => '201706241',
  2 => '',
  3 => 'dalvik/2.1.0 (linux; u; android 5.0.2; redmi note 2 miui/v8.1.3.0.lhmcndi)',
  4 => 'ctl=app,act=init:java.net.SocketTimeoutException: Read timed out',
)

执行日期：2017-06-20-16：23：22
array (
  0 => 'android',
  1 => '201706241',
  2 => '',
  3 => 'dalvik/2.1.0 (linux; u; android 5.0.2; redmi note 2 miui/v8.1.3.0.lhmcndi)',
  4 => 'ctl=app,act=init:java.net.SocketTimeoutException: Read timed out',
)

执行日期：2017-06-20-16：23：35
array (
  0 => 'android',
  1 => '201706241',
  2 => '',
  3 => 'dalvik/2.1.0 (linux; u; android 6.0; vivo y67 build/mra58k)',
  4 => 'ctl=user,act=userinfo:java.io.IOException: unexpected end of stream on Connection{www.pidantv.com:443, proxy=DIRECT@ hostAddress=120.55.16.24 cipherSuite=TLS_ECDHE_RSA_WITH_AES_128_GCM_SHA256 protocol=http/1.1} (recycle count=2)',
)

执行日期：2017-06-20-16：23：35
array (
  0 => 'android',
  1 => '201706241',
  2 => '',
  3 => 'dalvik/2.1.0 (linux; u; android 5.0.2; redmi note 2 miui/v8.1.3.0.lhmcndi)',
  4 => 'ctl=app,act=init:java.net.SocketTimeoutException: Read timed out',
)

执行日期：2017-06-20-16：23：36
array (
  0 => 'android',
  1 => '201706241',
  2 => '',
  3 => 'dalvik/2.1.0 (linux; u; android 5.0.2; redmi note 2 miui/v8.1.3.0.lhmcndi)',
  4 => 'ctl=app,act=init:java.net.SocketTimeoutException: Read timed out',
)

执行日期：2017-06-20-16：23：45
array (
  0 => 'android',
  1 => '201706241',
  2 => '',
  3 => 'dalvik/2.1.0 (linux; u; android 5.0.2; redmi note 2 miui/v8.1.3.0.lhmcndi)',
  4 => 'ctl=app,act=init:java.net.SocketTimeoutException: Read timed out',
)

执行日期：2017-06-20-16：24：00
array (
  0 => 'android',
  1 => '201706241',
  2 => '',
  3 => 'dalvik/2.1.0 (linux; u; android 5.0.2; redmi note 2 miui/v8.1.3.0.lhmcndi)',
  4 => 'ctl=app,act=init:java.net.SocketTimeoutException: Read timed out',
)

执行日期：2017-06-20-16：24：21
array (
  0 => 'android',
  1 => '201706241',
  2 => '',
  3 => 'dalvik/2.1.0 (linux; u; android 5.0.2; redmi note 2 miui/v8.1.3.0.lhmcndi)',
  4 => 'ctl=app,act=init:java.net.SocketTimeoutException: Read timed out',
)

执行日期：2017-06-20-16：27：06
array (
  0 => '/home/wwwroot/fanwe/system/libs/cart.php',
  1 => 364,
  2 => 'payment_paid',
  3 => 
  array (
    'error' => '更新订单失败',
    'payment_info' => 
    array (
      'id' => '85',
      'notice_sn' => '20170620150056548',
      'create_time' => '1497913256',
      'pay_time' => '1497913274',
      'order_id' => '0',
      'is_paid' => '1',
      'user_id' => '100502',
      'payment_id' => '4',
      'bank_id' => '',
      'memo' => '',
      'money' => '100.00',
      'outer_notice_sn' => '2017062021001004380296272811',
      'deal_id' => '0',
      'deal_name' => '',
      'is_has_send_success' => '0',
      'paid_send' => '0',
      'pay_date' => '2017-06-20',
      'recharge_id' => '2',
      'recharge_name' => '金币10000',
      'product_id' => '',
      'iap_receipt' => NULL,
      'diamonds' => '10000',
      'type' => '0',
    ),
  ),
)

执行日期：2017-06-20-16：27：46
array (
  0 => 'android',
  1 => '201706241',
  2 => '',
  3 => 'dalvik/2.1.0 (linux; u; android 5.1.1; mi-4c miui/v8.2.1.0.lxkcndl)',
  4 => 'ctl=video,act=monitor:java.net.SocketTimeoutException: Read timed out',
)

执行日期：2017-06-20-16：31：10
array (
  0 => 'android',
  1 => '201706241',
  2 => '',
  3 => 'dalvik/2.1.0 (linux; u; android 6.0.1; oppo r9s build/mmb29m)',
  4 => 'ctl=app,act=init:java.net.SocketTimeoutException: timeout',
)

执行日期：2017-06-20-16：39：47
array (
  0 => 'android',
  1 => '201706241',
  2 => '',
  3 => 'dalvik/2.1.0 (linux; u; android 5.0.2; redmi note 3 miui/v8.2.1.0.lhncndl)',
  4 => 'ctl=app,act=init:java.net.SocketTimeoutException: Read timed out',
)

执行日期：2017-06-20-16：40：02
array (
  0 => 'android',
  1 => '201706241',
  2 => '',
  3 => 'dalvik/2.1.0 (linux; u; android 5.0.2; redmi note 3 miui/v8.2.1.0.lhncndl)',
  4 => 'ctl=app,act=init:java.net.SocketTimeoutException: Read timed out',
)

执行日期：2017-06-20-16：40：22
array (
  0 => 'android',
  1 => '201706241',
  2 => '',
  3 => 'dalvik/2.1.0 (linux; u; android 5.0.2; redmi note 3 miui/v8.2.1.0.lhncndl)',
  4 => 'ctl=app,act=init:java.net.SocketTimeoutException: Read timed out',
)

执行日期：2017-06-20-16：40：42
array (
  0 => 'android',
  1 => '201706241',
  2 => '',
  3 => 'dalvik/2.1.0 (linux; u; android 5.0.2; redmi note 3 miui/v8.2.1.0.lhncndl)',
  4 => 'ctl=app,act=init:java.net.SocketTimeoutException: Read timed out',
)

执行日期：2017-06-20-16：40：43
array (
  0 => 'android',
  1 => '201706241',
  2 => '',
  3 => 'dalvik/2.1.0 (linux; u; android 5.0.2; redmi note 3 miui/v8.2.1.0.lhncndl)',
  4 => 'ctl=login,act=qq_login:java.lang.NullPointerException: Attempt to invoke virtual method \'void com.fanwe.hybrid.model.InitActModel.setFirst_login(int)\' on a null object reference',
)

执行日期：2017-06-20-16：42：02
array (
  0 => 'android',
  1 => '201706241',
  2 => '',
  3 => 'dalvik/2.1.0 (linux; u; android 5.1.1; vivo x6s a build/lmy47v)',
  4 => 'ctl=app,act=init:java.net.SocketTimeoutException: Read timed out',
)

执行日期：2017-06-20-16：44：05
array (
  0 => 'android',
  1 => '201706241',
  2 => '',
  3 => 'dalvik/2.1.0 (linux; u; android 6.0.1; mi 4lte miui/v8.1.3.0.mxdcndi)',
  4 => 'ctl=app,act=init:java.net.SocketTimeoutException: timeout',
)

执行日期：2017-06-20-16：44：20
array (
  0 => 'android',
  1 => '201706241',
  2 => '',
  3 => 'dalvik/2.1.0 (linux; u; android 6.0.1; mi 4lte miui/v8.1.3.0.mxdcndi)',
  4 => 'ctl=app,act=init:java.net.SocketTimeoutException: timeout',
)

执行日期：2017-06-20-16：46：31
array (
  0 => 'android',
  1 => '201706241',
  2 => '',
  3 => 'dalvik/2.1.0 (linux; u; android 5.0.2; redmi note 3 miui/v8.2.1.0.lhncndl)',
  4 => 'ctl=user,act=follow:java.io.EOFException',
)

执行日期：2017-06-20-16：49：05
array (
  0 => 'android',
  1 => '201706241',
  2 => '',
  3 => 'dalvik/2.1.0 (linux; u; android 7.0; knt-al10 build/huaweiknt-al10)',
  4 => 'ctl=login,act=wx_login:java.net.SocketTimeoutException: timeout',
)

执行日期：2017-06-20-16：57：09
array (
  0 => 'android',
  1 => '201706241',
  2 => '',
  3 => 'dalvik/2.1.0 (linux; u; android 6.0.1; m2 e build/mmb29u)',
  4 => 'ctl=index,act=index:java.io.IOException: unexpected end of stream on Connection{www.pidantv.com:443, proxy=DIRECT@ hostAddress=120.55.16.24 cipherSuite=TLS_ECDHE_RSA_WITH_AES_128_GCM_SHA256 protocol=http/1.1} (recycle count=1)',
)

执行日期：2017-06-20-16：58：20
array (
  0 => 'android',
  1 => '201706241',
  2 => '',
  3 => 'dalvik/1.6.0 (linux; u; android 4.4.2; vivo xplay3s build/kvt49l)',
  4 => 'ctl=user,act=userinfo:java.net.SocketTimeoutException: Read timed out',
)

执行日期：2017-06-20-16：58：20
array (
  0 => 'android',
  1 => '201706241',
  2 => '',
  3 => 'dalvik/1.6.0 (linux; u; android 4.4.2; vivo xplay3s build/kvt49l)',
  4 => 'ctl=user,act=userinfo:java.net.SocketTimeoutException: Read timed out',
)

执行日期：2017-06-20-16：59：07
array (
  0 => '/home/wwwroot/fanwe/mapi/lib/music.action.php',
  1 => 461,
  2 => 'musicModule::downurl',
  3 => 
  array (
    'error_code' => 22000,
  ),
)

执行日期：2017-06-20-16：59：31
array (
  0 => 'android',
  1 => '201706241',
  2 => '',
  3 => 'dalvik/2.1.0 (linux; u; android 5.1; oppo r9m build/lmy47i)',
  4 => 'ctl=app,act=init:java.net.SocketTimeoutException: Read timed out',
)

执行日期：2017-06-20-17：01：03
array (
  0 => '/home/wwwroot/fanwe/mapi/lib/music.action.php',
  1 => 461,
  2 => 'musicModule::downurl',
  3 => 
  array (
    'error_code' => 22000,
  ),
)

执行日期：2017-06-20-17：01：07
array (
  0 => '/home/wwwroot/fanwe/mapi/lib/music.action.php',
  1 => 461,
  2 => 'musicModule::downurl',
  3 => 
  array (
    'error_code' => 22000,
  ),
)

执行日期：2017-06-20-17：04：04
array (
  0 => 'android',
  1 => '201706241',
  2 => '',
  3 => 'dalvik/2.1.0 (linux; u; android 6.0; huawei vns-al00 build/huaweivns-al00)',
  4 => 'ctl=index,act=index:java.net.SocketTimeoutException: timeout',
)

执行日期：2017-06-20-17：04：43
array (
  0 => 'android',
  1 => '201706241',
  2 => '',
  3 => 'dalvik/2.1.0 (linux; u; android 6.0; vivo y67 build/mra58k)',
  4 => 'ctl=index,act=focus_video:java.io.IOException: unexpected end of stream on Connection{www.pidantv.com:443, proxy=DIRECT@ hostAddress=120.55.16.24 cipherSuite=TLS_ECDHE_RSA_WITH_AES_128_GCM_SHA256 protocol=http/1.1} (recycle count=3)',
)

执行日期：2017-06-20-17：05：53
array (
  0 => 'android',
  1 => '201706241',
  2 => '',
  3 => 'dalvik/2.1.0 (linux; u; android 6.0; huawei vns-al00 build/huaweivns-al00)',
  4 => 'ctl=video,act=get_video2:java.io.IOException: unexpected end of stream on Connection{www.pidantv.com:443, proxy=DIRECT@ hostAddress=120.55.16.24 cipherSuite=TLS_ECDHE_RSA_WITH_AES_128_GCM_SHA256 protocol=http/1.1} (recycle count=2)',
)

执行日期：2017-06-20-17：05：57
array (
  0 => '/home/wwwroot/fanwe/mapi/lib/music.action.php',
  1 => 461,
  2 => 'musicModule::downurl',
  3 => 
  array (
    'error_code' => 22000,
  ),
)

执行日期：2017-06-20-17：10：48
array (
  0 => '/home/wwwroot/fanwe/mapi/lib/music.action.php',
  1 => 461,
  2 => 'musicModule::downurl',
  3 => 
  array (
    'error_code' => 22000,
  ),
)

执行日期：2017-06-20-17：10：53
array (
  0 => '/home/wwwroot/fanwe/mapi/lib/music.action.php',
  1 => 461,
  2 => 'musicModule::downurl',
  3 => 
  array (
    'error_code' => 22000,
  ),
)

执行日期：2017-06-20-17：14：49
array (
  0 => '/home/wwwroot/fanwe/mapi/lib/music.action.php',
  1 => 461,
  2 => 'musicModule::downurl',
  3 => 
  array (
    'error_code' => 22000,
  ),
)

执行日期：2017-06-20-17：14：53
array (
  0 => '/home/wwwroot/fanwe/mapi/lib/music.action.php',
  1 => 461,
  2 => 'musicModule::downurl',
  3 => 
  array (
    'error_code' => 22000,
  ),
)

执行日期：2017-06-20-17：19：07
array (
  0 => 'android',
  1 => '201706241',
  2 => '',
  3 => 'dalvik/2.1.0 (linux; u; android 6.0; huawei vns-al00 build/huaweivns-al00)',
  4 => 'ctl=video,act=add_video:java.net.SocketTimeoutException: timeout',
)

执行日期：2017-06-20-17：19：37
array (
  0 => 'android',
  1 => '201706241',
  2 => '',
  3 => 'dalvik/2.1.0 (linux; u; android 6.0; huawei vns-al00 build/huaweivns-al00)',
  4 => 'ctl=video,act=add_video:java.net.SocketTimeoutException: timeout',
)

执行日期：2017-06-20-17：22：01
array (
  0 => 'android',
  1 => '201706241',
  2 => '',
  3 => 'dalvik/2.1.0 (linux; u; android 7.0; knt-al10 build/huaweiknt-al10)',
  4 => 'ctl=index,act=index:java.io.IOException: unexpected end of stream on Connection{www.pidantv.com:443, proxy=DIRECT hostAddress=120.55.16.24 cipherSuite=TLS_ECDHE_RSA_WITH_AES_128_GCM_SHA256 protocol=http/1.1} (recycle count=4)',
)

执行日期：2017-06-20-17：25：57
array (
  0 => '/home/wwwroot/fanwe/mapi/lib/music.action.php',
  1 => 461,
  2 => 'musicModule::downurl',
  3 => 
  array (
    'error_code' => 22000,
  ),
)

执行日期：2017-06-20-17：26：01
array (
  0 => '/home/wwwroot/fanwe/mapi/lib/music.action.php',
  1 => 461,
  2 => 'musicModule::downurl',
  3 => 
  array (
    'error_code' => 22000,
  ),
)

执行日期：2017-06-20-17：26：27
array (
  0 => 'android',
  1 => '2017051501',
  2 => '',
  3 => 'dalvik/2.1.0 (linux; u; android 5.1; m1 metal build/lmy47i)',
  4 => 'ctl=index,act=new_video:java.net.SocketTimeoutException: SSL handshake timed out',
)

执行日期：2017-06-20-17：26：42
array (
  0 => 'android',
  1 => '2017051501',
  2 => '',
  3 => 'dalvik/2.1.0 (linux; u; android 5.1; m1 metal build/lmy47i)',
  4 => 'ctl=index,act=index:java.io.EOFException',
)

执行日期：2017-06-20-17：30：57
array (
  0 => 'android',
  1 => '201706241',
  2 => '',
  3 => 'dalvik/2.1.0 (linux; u; android 6.0.1; redmi 4a miui/v8.0.3.0.mcccndi)',
  4 => 'ctl=index,act=index:java.net.SocketTimeoutException: SSL handshake timed out',
)

执行日期：2017-06-20-17：32：41
array (
  0 => 'android',
  1 => '201706241',
  2 => '',
  3 => 'dalvik/2.1.0 (linux; u; android 6.0; huawei vns-al00 build/huaweivns-al00)',
  4 => 'ctl=index,act=new_video:java.net.SocketTimeoutException: timeout',
)

执行日期：2017-06-20-17：33：32
array (
  0 => 'android',
  1 => '201706241',
  2 => '',
  3 => 'dalvik/2.1.0 (linux; u; android 6.0.1; redmi 4a miui/v8.0.3.0.mcccndi)',
  4 => 'ctl=index,act=index:java.net.SocketTimeoutException: failed to connect to www.pidantv.com/120.55.16.24 (port 443) after 15000ms',
)

执行日期：2017-06-20-17：33：34
array (
  0 => 'android',
  1 => '201706241',
  2 => '',
  3 => 'dalvik/2.1.0 (linux; u; android 6.0; huawei vns-al00 build/huaweivns-al00)',
  4 => 'ctl=index,act=index:java.net.SocketTimeoutException: timeout',
)

执行日期：2017-06-20-17：40：22
array (
  0 => '/home/wwwroot/fanwe/mapi/lib/music.action.php',
  1 => 461,
  2 => 'musicModule::downurl',
  3 => 
  array (
    'error_code' => 22000,
  ),
)

执行日期：2017-06-20-17：51：39
array (
  0 => 'android',
  1 => '201706241',
  2 => '',
  3 => 'dalvik/2.1.0 (linux; u; android 5.0.2; vivo x5m build/lrx22g)',
  4 => 'ctl=video,act=end_video:java.net.SocketTimeoutException: Read timed out',
)

执行日期：2017-06-20-17：53：57
array (
  0 => '/home/wwwroot/fanwe/mapi/lib/music.action.php',
  1 => 461,
  2 => 'musicModule::downurl',
  3 => 
  array (
    'error_code' => 22000,
  ),
)

执行日期：2017-06-20-18：26：46
array (
  0 => '/home/wwwroot/fanwe/system/libs/cart.php',
  1 => 364,
  2 => 'payment_paid',
  3 => 
  array (
    'error' => '更新订单失败',
    'payment_info' => 
    array (
      'id' => '85',
      'notice_sn' => '20170620150056548',
      'create_time' => '1497913256',
      'pay_time' => '1497913274',
      'order_id' => '0',
      'is_paid' => '1',
      'user_id' => '100502',
      'payment_id' => '4',
      'bank_id' => '',
      'memo' => '',
      'money' => '100.00',
      'outer_notice_sn' => '2017062021001004380296272811',
      'deal_id' => '0',
      'deal_name' => '',
      'is_has_send_success' => '0',
      'paid_send' => '0',
      'pay_date' => '2017-06-20',
      'recharge_id' => '2',
      'recharge_name' => '金币10000',
      'product_id' => '',
      'iap_receipt' => NULL,
      'diamonds' => '10000',
      'type' => '0',
    ),
  ),
)

执行日期：2017-06-20-18：36：08
array (
  0 => 'android',
  1 => '201706241',
  2 => '',
  3 => 'dalvik/2.1.0 (linux; u; android 6.0; huawei mt7-cl00 build/huaweimt7-cl00)',
  4 => 'ctl=app,act=init:java.net.SocketTimeoutException: timeout',
)

执行日期：2017-06-20-18：36：44
array (
  0 => 'android',
  1 => '2017051501',
  2 => '',
  3 => 'dalvik/2.1.0 (linux; u; android 6.0; huawei nxt-al10 build/huaweinxt-al10)',
  4 => 'ctl=app,act=init:java.net.SocketTimeoutException: timeout',
)

执行日期：2017-06-20-18：40：34
array (
  0 => 'android',
  1 => '201706241',
  2 => '',
  3 => 'dalvik/2.1.0 (linux; u; android 6.0; 1503-a01 build/mra58k)',
  4 => 'ctl=app,act=init:java.net.SocketTimeoutException: timeout',
)

执行日期：2017-06-20-18：41：00
array (
  0 => 'android',
  1 => '201706241',
  2 => '',
  3 => 'dalvik/2.1.0 (linux; u; android 6.0; 1503-a01 build/mra58k)',
  4 => 'ctl=login,act=qq_login:java.net.SocketTimeoutException: timeout',
)

执行日期：2017-06-20-19：08：11
array (
  0 => '/home/wwwroot/fanwe/system/libs/cart.php',
  1 => 364,
  2 => 'payment_paid',
  3 => 
  array (
    'error' => '更新订单失败',
    'payment_info' => 
    array (
      'id' => '82',
      'notice_sn' => '20170620094146963',
      'create_time' => '1497894106',
      'pay_time' => '1497894124',
      'order_id' => '0',
      'is_paid' => '1',
      'user_id' => '100457',
      'payment_id' => '4',
      'bank_id' => '',
      'memo' => '',
      'money' => '6.00',
      'outer_notice_sn' => '2017062021001004100200222765',
      'deal_id' => '0',
      'deal_name' => '',
      'is_has_send_success' => '0',
      'paid_send' => '0',
      'pay_date' => '2017-06-20',
      'recharge_id' => '8',
      'recharge_name' => '钻石60',
      'product_id' => '',
      'iap_receipt' => NULL,
      'diamonds' => '600',
      'type' => '0',
    ),
  ),
)

执行日期：2017-06-20-19：22：14
array (
  0 => 'android',
  1 => '201706241',
  2 => '',
  3 => 'dalvik/2.1.0 (linux; u; android 6.0.1; vivo x9plus build/mmb29m)',
  4 => 'ctl=user,act=userinfo:java.net.SocketTimeoutException: SSL handshake timed out',
)

执行日期：2017-06-20-19：29：15
array (
  0 => 'android',
  1 => '201706241',
  2 => '',
  3 => 'dalvik/2.1.0 (linux; u; android 6.0.1; sm-g9300 build/mmb29m)',
  4 => 'ctl=video,act=add_video:java.net.SocketTimeoutException: timeout',
)

执行日期：2017-06-20-19：29：50
array (
  0 => 'android',
  1 => '2017051501',
  2 => '',
  3 => 'dalvik/2.1.0 (linux; u; android 6.0; huawei nxt-al10 build/huaweinxt-al10)',
  4 => 'ctl=app,act=init:java.net.SocketTimeoutException: timeout',
)

执行日期：2017-06-20-19：30：15
array (
  0 => 'android',
  1 => '201706241',
  2 => '',
  3 => 'dalvik/2.1.0 (linux; u; android 6.0.1; vivo x9plus build/mmb29m)',
  4 => 'ctl=app,act=init:java.net.SocketTimeoutException: Read timed out',
)

执行日期：2017-06-20-19：46：28
array (
  0 => 'android',
  1 => '201706241',
  2 => '',
  3 => 'dalvik/2.1.0 (linux; u; android 6.0.1; vivo x9plus build/mmb29m)',
  4 => 'ctl=user,act=userinfo:java.io.IOException: unexpected end of stream on Connection{www.pidantv.com:443, proxy=DIRECT@ hostAddress=120.55.16.24 cipherSuite=TLS_ECDHE_RSA_WITH_AES_128_GCM_SHA256 protocol=http/1.1} (recycle count=4)',
)

执行日期：2017-06-20-19：48：10
array (
  0 => 'android',
  1 => '201706241',
  2 => '',
  3 => 'dalvik/2.1.0 (linux; u; android 5.1.1; vivo x6s a build/lmy47v)',
  4 => 'ctl=video,act=end_video:java.net.SocketTimeoutException: Read timed out',
)

执行日期：2017-06-20-19：49：36
array (
  0 => 'android',
  1 => '201706241',
  2 => '',
  3 => 'dalvik/2.1.0 (linux; u; android 6.0.1; vivo x9plus build/mmb29m)',
  4 => 'ctl=app,act=init:java.net.SocketTimeoutException: Read timed out',
)

执行日期：2017-06-20-19：58：14
array (
  0 => 'android',
  1 => '201706241',
  2 => '',
  3 => 'dalvik/2.1.0 (linux; u; android 6.0.1; sm-g9250 build/mmb29k)',
  4 => 'ctl=app,act=init:java.net.SocketTimeoutException: timeout',
)

执行日期：2017-06-20-20：00：15
array (
  0 => 'android',
  1 => '201706241',
  2 => '',
  3 => 'dalvik/2.1.0 (linux; u; android 5.1; w909 build/lmy47i)',
  4 => 'ctl=app,act=init:java.net.SocketTimeoutException: Read timed out',
)

执行日期：2017-06-20-20：03：01
array (
  0 => 'android',
  1 => '201706241',
  2 => '',
  3 => 'dalvik/1.6.0 (linux; u; android 4.4.4; r7c build/ktu84p)',
  4 => 'ctl=app,act=init:java.net.SocketTimeoutException: Read timed out',
)

执行日期：2017-06-20-20：07：20
array (
  0 => 'android',
  1 => '201706241',
  2 => '',
  3 => 'dalvik/2.1.0 (linux; u; android 7.0; bln-al10 build/honorbln-al10)',
  4 => 'ctl=app,act=init:java.net.SocketTimeoutException: timeout',
)

执行日期：2017-06-20-20：09：48
array (
  0 => 'android',
  1 => '201706241',
  2 => '',
  3 => 'dalvik/2.1.0 (linux; u; android 5.1.1; vivo x6s a build/lmy47v)',
  4 => 'ctl=app,act=init:java.net.SocketTimeoutException: Read timed out',
)

执行日期：2017-06-20-20：16：20
array (
  0 => 'android',
  1 => '201706241',
  2 => '',
  3 => 'dalvik/2.1.0 (linux; u; android 5.1.1; vivo x7 build/lmy47v)',
  4 => 'ctl=video,act=monitor:javax.net.ssl.SSLException: Read error: ssl=0xabde50b8: I/O error during system call, Connection reset by peer',
)

执行日期：2017-06-20-20：18：31
array (
  0 => 'android',
  1 => '201706241',
  2 => '',
  3 => 'dalvik/2.1.0 (linux; u; android 6.0; huawei mt7-cl00 build/huaweimt7-cl00)',
  4 => 'ctl=app,act=init:java.net.SocketTimeoutException: timeout',
)

执行日期：2017-06-20-20：18：37
array (
  0 => '/home/wwwroot/fanwe/mapi/lib/music.action.php',
  1 => 461,
  2 => 'musicModule::downurl',
  3 => 
  array (
    'error_code' => 22000,
  ),
)

执行日期：2017-06-20-20：25：15
array (
  0 => 'android',
  1 => '201706241',
  2 => '',
  3 => 'dalvik/2.1.0 (linux; u; android 5.1.1; vivo x7plus build/lmy47v)',
  4 => 'ctl=app,act=init:java.net.SocketTimeoutException: Read timed out',
)

执行日期：2017-06-20-20：28：50
array (
  0 => 'android',
  1 => '201706241',
  2 => '',
  3 => 'dalvik/2.1.0 (linux; u; android 6.0.1; sm-g9250 build/mmb29k)',
  4 => 'ctl=app,act=init:java.net.SocketTimeoutException: timeout',
)

执行日期：2017-06-20-20：29：25
array (
  0 => 'android',
  1 => '201706241',
  2 => '',
  3 => 'dalvik/2.1.0 (linux; u; android 6.0.1; m2 e build/mmb29u)',
  4 => 'ctl=app,act=init:java.net.SocketTimeoutException: timeout',
)

执行日期：2017-06-20-20：35：36
array (
  0 => 'android',
  1 => '201706241',
  2 => '',
  3 => 'dalvik/2.1.0 (linux; u; android 6.0.1; m2 e build/mmb29u)',
  4 => 'ctl=app,act=init:java.net.SocketTimeoutException: timeout',
)

执行日期：2017-06-20-20：40：19
array (
  0 => 'android',
  1 => '201706241',
  2 => '',
  3 => 'dalvik/2.1.0 (linux; u; android 6.0.1; m2 e build/mmb29u)',
  4 => 'ctl=app,act=init:java.net.SocketTimeoutException: timeout',
)

执行日期：2017-06-20-20：41：27
array (
  0 => 'android',
  1 => '201706241',
  2 => '',
  3 => 'dalvik/2.1.0 (linux; u; android 7.0; bln-al10 build/honorbln-al10)',
  4 => 'ctl=user,act=userinfo:javax.net.ssl.SSLException: Read error: ssl=0xe0afdc00: I/O error during system call, Connection reset by peer',
)

执行日期：2017-06-20-20：42：47
array (
  0 => 'android',
  1 => '201706241',
  2 => '',
  3 => 'dalvik/2.1.0 (linux; u; android 7.0; bln-al10 build/honorbln-al10)',
  4 => 'ctl=video,act=cont:java.net.SocketTimeoutException: timeout',
)

执行日期：2017-06-20-20：43：49
array (
  0 => 'android',
  1 => '201706241',
  2 => '',
  3 => 'dalvik/2.1.0 (linux; u; android 6.0.1; mi 5 miui/v8.1.6.0.maacndi)',
  4 => 'ctl=index,act=new_video:java.io.IOException: unexpected end of stream on Connection{www.pidantv.com:443, proxy=DIRECT@ hostAddress=120.55.16.24 cipherSuite=TLS_ECDHE_RSA_WITH_AES_128_GCM_SHA256 protocol=http/1.1} (recycle count=2)',
)

执行日期：2017-06-20-20：47：40
array (
  0 => 'android',
  1 => '201706241',
  2 => '',
  3 => 'dalvik/2.1.0 (linux; u; android 7.0; bln-al10 build/honorbln-al10)',
  4 => 'ctl=user,act=userinfo:java.net.SocketTimeoutException: timeout',
)

执行日期：2017-06-20-20：47：40
array (
  0 => 'android',
  1 => '201706241',
  2 => '',
  3 => 'dalvik/2.1.0 (linux; u; android 7.0; bln-al10 build/honorbln-al10)',
  4 => 'ctl=user,act=userinfo:java.net.SocketTimeoutException: timeout',
)

执行日期：2017-06-20-20：54：26
array (
  0 => 'android',
  1 => '201706241',
  2 => '',
  3 => 'dalvik/2.1.0 (linux; u; android 5.1.1; vivo x6s a build/lmy47v)',
  4 => 'ctl=app,act=init:java.net.SocketTimeoutException: Read timed out',
)

执行日期：2017-06-20-20：56：23
array (
  0 => 'android',
  1 => '201706241',
  2 => '',
  3 => 'dalvik/2.1.0 (linux; u; android 5.1.1; vivo x6s a build/lmy47v)',
  4 => 'ctl=app,act=init:java.net.SocketTimeoutException: Read timed out',
)

执行日期：2017-06-20-20：57：09
array (
  0 => 'android',
  1 => '201706241',
  2 => '',
  3 => 'dalvik/2.1.0 (linux; u; android 6.0.1; sm-g9006w build/mmb29m)',
  4 => 'ctl=app,act=init:java.net.SocketTimeoutException: timeout',
)

执行日期：2017-06-20-21：03：43
array (
  0 => 'android',
  1 => '201706241',
  2 => '',
  3 => 'dalvik/2.1.0 (linux; u; android 5.1; oppo r9m build/lmy47i)',
  4 => 'ctl=video,act=monitor:java.io.EOFException',
)

执行日期：2017-06-20-21：05：03
array (
  0 => 'android',
  1 => '201706241',
  2 => '',
  3 => 'dalvik/1.6.0 (linux; u; android 4.2.2; lphone 6s build/jdq39)',
  4 => 'ctl=video,act=monitor:javax.net.ssl.SSLException: Read error: ssl=0x690854f0: I/O error during system call, Connection reset by peer',
)

执行日期：2017-06-20-21：05：12
array (
  0 => 'android',
  1 => '201706241',
  2 => '',
  3 => 'dalvik/1.6.0 (linux; u; android 4.2.2; lphone 6s build/jdq39)',
  4 => 'ctl=app,act=plugin_init:java.net.SocketTimeoutException: Read timed out',
)

执行日期：2017-06-20-21：05：53
array (
  0 => 'android',
  1 => '201706241',
  2 => '',
  3 => 'dalvik/1.6.0 (linux; u; android 4.2.2; lphone 6s build/jdq39)',
  4 => 'ctl=video,act=monitor:java.net.SocketTimeoutException: Read timed out',
)

执行日期：2017-06-20-21：07：20
array (
  0 => 'android',
  1 => '201706241',
  2 => '',
  3 => 'dalvik/2.1.0 (linux; u; android 6.0; pro 6 build/mra58k)',
  4 => 'ctl=app,act=init:java.net.SocketTimeoutException: timeout',
)

执行日期：2017-06-20-21：13：21
array (
  0 => 'android',
  1 => '201706241',
  2 => '',
  3 => 'dalvik/2.1.0 (linux; u; android 6.0; huawei mt7-cl00 build/huaweimt7-cl00)',
  4 => 'ctl=login,act=do_update:java.net.SocketTimeoutException: timeout',
)

执行日期：2017-06-20-21：15：16
array (
  0 => 'android',
  1 => '201706241',
  2 => '',
  3 => 'dalvik/1.6.0 (linux; u; android 4.2.2; lphone 6s build/jdq39)',
  4 => 'ctl=video,act=add_video:java.net.SocketTimeoutException: Read timed out',
)

执行日期：2017-06-20-21：15：33
array (
  0 => 'android',
  1 => '201706241',
  2 => '',
  3 => 'dalvik/2.1.0 (linux; u; android 5.1; oppo r9m build/lmy47i)',
  4 => 'ctl=video,act=end_video:java.net.SocketTimeoutException: Read timed out',
)

执行日期：2017-06-20-21：15：41
array (
  0 => 'android',
  1 => '201706241',
  2 => '',
  3 => 'dalvik/1.6.0 (linux; u; android 4.2.2; lphone 6s build/jdq39)',
  4 => 'ctl=app,act=init:java.net.SocketTimeoutException: Read timed out',
)

执行日期：2017-06-20-21：16：41
array (
  0 => 'android',
  1 => '201706241',
  2 => '',
  3 => 'dalvik/2.1.0 (linux; u; android 5.1; m3 note build/lmy47i)',
  4 => 'ctl=app,act=init:java.net.SocketTimeoutException: Read timed out',
)

执行日期：2017-06-20-21：17：09
array (
  0 => 'android',
  1 => '201706241',
  2 => '',
  3 => 'dalvik/2.1.0 (linux; u; android 6.0; pro 6 build/mra58k)',
  4 => 'ctl=app,act=init:java.net.SocketTimeoutException: timeout',
)

执行日期：2017-06-20-21：21：02
array (
  0 => 'android',
  1 => '201706241',
  2 => '',
  3 => 'dalvik/2.1.0 (linux; u; android 7.0; xt1662 build/nrd90m)',
  4 => 'ctl=app,act=init:java.net.SocketTimeoutException: timeout',
)

执行日期：2017-06-20-21：26：48
array (
  0 => 'android',
  1 => '201706241',
  2 => '',
  3 => 'dalvik/2.1.0 (linux; u; android 6.0.1; vivo x9plus build/mmb29m)',
  4 => 'ctl=index,act=index:java.net.SocketTimeoutException: SSL handshake timed out',
)

执行日期：2017-06-20-21：29：37
array (
  0 => 'android',
  1 => '201706241',
  2 => '',
  3 => 'dalvik/2.1.0 (linux; u; android 6.0.1; vivo x9plus build/mmb29m)',
  4 => 'ctl=index,act=focus_video:java.io.IOException: unexpected end of stream on Connection{www.pidantv.com:443, proxy=DIRECT@ hostAddress=120.55.16.24 cipherSuite=TLS_ECDHE_RSA_WITH_AES_128_GCM_SHA256 protocol=http/1.1} (recycle count=1)',
)

执行日期：2017-06-20-21：29：50
array (
  0 => 'android',
  1 => '201706241',
  2 => '',
  3 => 'dalvik/2.1.0 (linux; u; android 6.0; u20 build/mra58k)',
  4 => 'ctl=login,act=do_update:java.net.SocketTimeoutException: timeout',
)

执行日期：2017-06-20-21：34：39
array (
  0 => 'android',
  1 => '201706241',
  2 => '',
  3 => 'dalvik/1.6.0 (linux; u; android 4.2.2; lphone 6s build/jdq39)',
  4 => 'ctl=video,act=add_video:java.net.SocketTimeoutException: Read timed out',
)

执行日期：2017-06-20-21：36：54
array (
  0 => 'android',
  1 => '201706241',
  2 => '',
  3 => 'dalvik/1.6.0 (linux; u; android 4.4.4; r7c build/ktu84p)',
  4 => 'ctl=video,act=end_video:java.net.SocketTimeoutException: Read timed out',
)

执行日期：2017-06-20-21：37：02
array (
  0 => 'android',
  1 => '201706241',
  2 => '',
  3 => 'dalvik/2.1.0 (linux; u; android 6.0.1; vivo x9plus build/mmb29m)',
  4 => 'ctl=user,act=userinfo:java.io.IOException: unexpected end of stream on Connection{www.pidantv.com:443, proxy=DIRECT@ hostAddress=120.55.16.24 cipherSuite=TLS_ECDHE_RSA_WITH_AES_128_GCM_SHA256 protocol=http/1.1} (recycle count=4)',
)

执行日期：2017-06-20-21：50：29
array (
  0 => 'android',
  1 => '201706241',
  2 => '',
  3 => 'dalvik/1.6.0 (linux; u; android 4.4.2; che2-ul00 build/honorche2-ul00)',
  4 => 'ctl=app,act=init:java.net.SocketTimeoutException: Read timed out',
)

执行日期：2017-06-20-21：58：15
array (
  0 => 'android',
  1 => '201706241',
  2 => '',
  3 => 'dalvik/1.6.0 (linux; u; android 4.4.2; che2-ul00 build/honorche2-ul00)',
  4 => 'ctl=index,act=search_area:java.io.EOFException',
)

执行日期：2017-06-20-22：18：35
array (
  0 => 'android',
  1 => '201706241',
  2 => '',
  3 => 'dalvik/1.6.0 (linux; u; android 4.4.2; che2-ul00 build/honorche2-ul00)',
  4 => 'ctl=index,act=focus_video:java.io.EOFException',
)

执行日期：2017-06-20-22：29：57
array (
  0 => 'android',
  1 => '201706241',
  2 => '',
  3 => 'dalvik/2.1.0 (linux; u; android 6.0; vivo y67 build/mra58k)',
  4 => 'ctl=video,act=get_video2:java.io.IOException: unexpected end of stream on Connection{www.pidantv.com:443, proxy=DIRECT@ hostAddress=120.55.16.24 cipherSuite=TLS_ECDHE_RSA_WITH_AES_128_GCM_SHA256 protocol=http/1.1} (recycle count=1)',
)

执行日期：2017-06-20-22：39：24
array (
  0 => 'android',
  1 => '201706241',
  2 => '',
  3 => 'dalvik/2.1.0 (linux; u; android 5.1.1; vivo x7 build/lmy47v)',
  4 => 'ctl=index,act=new_video:java.io.EOFException',
)

执行日期：2017-06-20-22：39：25
array (
  0 => 'android',
  1 => '201706241',
  2 => '',
  3 => 'dalvik/2.1.0 (linux; u; android 5.1.1; vivo x7 build/lmy47v)',
  4 => 'ctl=user,act=userinfo:java.io.EOFException',
)

执行日期：2017-06-20-22：40：56
array (
  0 => 'android',
  1 => '201706241',
  2 => '',
  3 => 'dalvik/2.1.0 (linux; u; android 5.1.1; vivo x7 build/lmy47v)',
  4 => 'ctl=user,act=userinfo:java.io.EOFException',
)

执行日期：2017-06-20-22：42：05
array (
  0 => '/home/wwwroot/fanwe/mapi/lib/login.action.php',
  1 => 641,
  2 => 'loginModule::qq_login',
  3 => 
  array (
    'ret' => -22,
    'msg' => 'openid is invalid',
    'openid' => 'B8BF37FB6A5DE4CA0ED7720DB166E879',
  ),
)

执行日期：2017-06-20-22：44：32
array (
  0 => 'android',
  1 => '201706241',
  2 => '',
  3 => 'dalvik/2.1.0 (linux; u; android 5.1.1; vivo x7 build/lmy47v)',
  4 => 'ctl=app,act=init:java.net.SocketTimeoutException: Read timed out',
)

执行日期：2017-06-20-22：47：43
array (
  0 => '/home/wwwroot/fanwe/mapi/lib/music.action.php',
  1 => 461,
  2 => 'musicModule::downurl',
  3 => 
  array (
    'error_code' => 22000,
  ),
)

执行日期：2017-06-20-22：55：30
array (
  0 => 'android',
  1 => '201706241',
  2 => '',
  3 => 'dalvik/2.1.0 (linux; u; android 6.0; gn8002s build/mra58k)',
  4 => 'ctl=login,act=do_update:java.net.SocketTimeoutException: failed to connect to www.pidantv.com/120.55.16.24 (port 443) after 15000ms: isConnected failed: ETIMEDOUT (Connection timed out)',
)

执行日期：2017-06-20-23：00：29
array (
  0 => 'android',
  1 => '201706241',
  2 => '',
  3 => 'dalvik/1.6.0 (linux; u; android 4.4.2; gt-i9502 build/kot49h)',
  4 => 'ctl=app,act=init:java.net.SocketTimeoutException: Read timed out',
)

执行日期：2017-06-20-23：00：56
array (
  0 => 'android',
  1 => '201706241',
  2 => '',
  3 => 'dalvik/2.1.0 (linux; u; android 6.0; gn8002s build/mra58k)',
  4 => 'ctl=family,act=family_list:java.net.UnknownHostException: Unable to resolve host "www.pidantv.com": No address associated with hostname',
)

执行日期：2017-06-20-23：02：17
array (
  0 => 'android',
  1 => '201706241',
  2 => '',
  3 => 'dalvik/2.1.0 (linux; u; android 6.0.1; vivo x9plus build/mmb29m)',
  4 => 'ctl=index,act=focus_video:java.net.SocketTimeoutException: failed to connect to www.pidantv.com/120.55.16.24 (port 443) after 15000ms',
)

执行日期：2017-06-20-23：02：17
array (
  0 => 'android',
  1 => '201706241',
  2 => '',
  3 => 'dalvik/2.1.0 (linux; u; android 6.0.1; vivo x9plus build/mmb29m)',
  4 => 'ctl=index,act=index:java.net.SocketTimeoutException: failed to connect to www.pidantv.com/120.55.16.24 (port 443) after 15000ms',
)

执行日期：2017-06-20-23：02：17
array (
  0 => 'android',
  1 => '201706241',
  2 => '',
  3 => 'dalvik/2.1.0 (linux; u; android 6.0.1; vivo x9plus build/mmb29m)',
  4 => 'ctl=index,act=focus_video:java.net.SocketTimeoutException: failed to connect to www.pidantv.com/120.55.16.24 (port 443) after 15000ms',
)

执行日期：2017-06-20-23：02：17
array (
  0 => 'android',
  1 => '201706241',
  2 => '',
  3 => 'dalvik/2.1.0 (linux; u; android 6.0.1; vivo x9plus build/mmb29m)',
  4 => 'ctl=app,act=init:java.net.SocketTimeoutException: failed to connect to www.pidantv.com/120.55.16.24 (port 443) after 15000ms',
)

执行日期：2017-06-20-23：02：17
array (
  0 => 'android',
  1 => '201706241',
  2 => '',
  3 => 'dalvik/2.1.0 (linux; u; android 6.0.1; vivo x9plus build/mmb29m)',
  4 => 'ctl=user,act=state_change:java.net.SocketTimeoutException: failed to connect to www.pidantv.com/120.55.16.24 (port 443) after 15000ms',
)

执行日期：2017-06-20-23：07：18
array (
  0 => 'android',
  1 => '201706241',
  2 => '',
  3 => 'dalvik/2.1.0 (linux; u; android 5.1; oppo a59m build/lmy47i)',
  4 => 'ctl=video,act=get_video2:com.alibaba.fastjson.JSONException: syntax error, expect {, actual EOF, pos 0',
)

执行日期：2017-06-20-23：09：09
array (
  0 => 'android',
  1 => '201706241',
  2 => '',
  3 => 'dalvik/1.6.0 (linux; u; android 4.2.2; lphone 6s build/jdq39)',
  4 => 'ctl=user,act=userinfo:java.net.SocketTimeoutException: Read timed out',
)

执行日期：2017-06-20-23：17：48
array (
  0 => '/home/wwwroot/fanwe/mapi/lib/music.action.php',
  1 => 461,
  2 => 'musicModule::downurl',
  3 => 
  array (
    'error_code' => 22000,
  ),
)

执行日期：2017-06-20-23：17：53
array (
  0 => '/home/wwwroot/fanwe/mapi/lib/music.action.php',
  1 => 461,
  2 => 'musicModule::downurl',
  3 => 
  array (
    'error_code' => 22000,
  ),
)

执行日期：2017-06-20-23：21：58
array (
  0 => 'android',
  1 => '201706241',
  2 => '',
  3 => 'dalvik/2.1.0 (linux; u; android 5.1.1; sm-j3109 build/lmy47x)',
  4 => 'ctl=user,act=state_change:java.io.EOFException',
)

执行日期：2017-06-20-23：22：44
array (
  0 => 'android',
  1 => '201706241',
  2 => '',
  3 => 'dalvik/2.1.0 (linux; u; android 5.1.1; sm-j3109 build/lmy47x)',
  4 => 'ctl=index,act=index:javax.net.ssl.SSLHandshakeException: Handshake failed',
)

执行日期：2017-06-20-23：22：44
array (
  0 => 'android',
  1 => '201706241',
  2 => '',
  3 => 'dalvik/2.1.0 (linux; u; android 5.1.1; sm-j3109 build/lmy47x)',
  4 => 'ctl=user,act=state_change:java.net.SocketTimeoutException: Read timed out',
)

执行日期：2017-06-20-23：23：30
array (
  0 => 'android',
  1 => '201706241',
  2 => '',
  3 => 'dalvik/2.1.0 (linux; u; android 6.0.1; sm-g9250 build/mmb29k)',
  4 => 'ctl=app,act=init:java.net.SocketTimeoutException: timeout',
)

执行日期：2017-06-20-23：23：47
array (
  0 => 'android',
  1 => '201706241',
  2 => '',
  3 => 'dalvik/2.1.0 (linux; u; android 6.0; huawei vns-al00 build/huaweivns-al00)',
  4 => 'ctl=login,act=wx_login:java.io.IOException: unexpected end of stream on Connection{www.pidantv.com:443, proxy=DIRECT@ hostAddress=120.55.16.24 cipherSuite=TLS_ECDHE_RSA_WITH_AES_128_GCM_SHA256 protocol=http/1.1} (recycle count=1)',
)

执行日期：2017-06-20-23：24：30
array (
  0 => 'android',
  1 => '201706241',
  2 => '',
  3 => 'dalvik/2.1.0 (linux; u; android 5.1.1; sm-j3109 build/lmy47x)',
  4 => 'ctl=index,act=new_video:java.net.SocketTimeoutException: SSL handshake timed out',
)

执行日期：2017-06-20-23：26：09
array (
  0 => 'android',
  1 => '201706241',
  2 => '',
  3 => 'dalvik/2.1.0 (linux; u; android 5.1.1; vivo x7 build/lmy47v)',
  4 => 'ctl=video,act=get_video2:com.alibaba.fastjson.JSONException: syntax error, expect {, actual EOF, pos 0',
)

执行日期：2017-06-20-23：26：56
array (
  0 => 'android',
  1 => '201706241',
  2 => '',
  3 => 'dalvik/2.1.0 (linux; u; android 5.1.1; sm-j3109 build/lmy47x)',
  4 => 'ctl=index,act=new_video:java.io.EOFException',
)

执行日期：2017-06-20-23：28：37
array (
  0 => 'android',
  1 => '201706241',
  2 => '',
  3 => 'dalvik/1.6.0 (linux; u; android 6.3; 4g+ build/kot49h)',
  4 => 'ctl=index,act=new_video:java.net.SocketTimeoutException: failed to connect to www.pidantv.com/120.55.16.24 (port 443) after 15000ms',
)

执行日期：2017-06-20-23：29：12
array (
  0 => 'android',
  1 => '201706241',
  2 => '',
  3 => 'dalvik/2.1.0 (linux; u; android 7.0; huawei mla-ul00 build/huaweimla-ul00)',
  4 => 'ctl=index,act=focus_video:java.io.IOException: unexpected end of stream on Connection{www.pidantv.com:443, proxy=DIRECT hostAddress=120.55.16.24 cipherSuite=TLS_ECDHE_RSA_WITH_AES_128_GCM_SHA256 protocol=http/1.1} (recycle count=1)',
)

执行日期：2017-06-20-23：32：33
array (
  0 => 'android',
  1 => '201706241',
  2 => '',
  3 => 'dalvik/2.1.0 (linux; u; android 7.0; lon-al00 build/huaweilon-al00)',
  4 => 'ctl=app,act=init:java.net.SocketTimeoutException: timeout',
)

执行日期：2017-06-20-23：35：08
array (
  0 => 'android',
  1 => '201706241',
  2 => '',
  3 => 'dalvik/2.1.0 (linux; u; android 5.1.1; sm-j3109 build/lmy47x)',
  4 => 'ctl=index,act=focus_video:javax.net.ssl.SSLHandshakeException: Handshake failed',
)

执行日期：2017-06-20-23：49：14
array (
  0 => 'android',
  1 => '201706241',
  2 => '',
  3 => 'dalvik/1.6.0 (linux; u; android 6.3; 4g+ build/kot49h)',
  4 => 'ctl=user,act=userinfo:java.io.EOFException',
)

执行日期：2017-06-20-23：58：30
array (
  0 => 'android',
  1 => '201706241',
  2 => '',
  3 => 'dalvik/1.6.0 (linux; u; android 6.3; 4g+ build/kot49h)',
  4 => 'ctl=index,act=new_video:java.net.SocketTimeoutException: failed to connect to www.pidantv.com/120.55.16.24 (port 443) after 15000ms',
)

执行日期：2017-06-20-23：58：43
array (
  0 => 'android',
  1 => '201706241',
  2 => '',
  3 => 'dalvik/1.6.0 (linux; u; android 6.3; 4g+ build/kot49h)',
  4 => 'ctl=index,act=index:java.net.SocketTimeoutException: SSL handshake timed out',
)

执行日期：2017-06-20-23：58：53
array (
  0 => 'android',
  1 => '201706241',
  2 => '',
  3 => 'dalvik/2.1.0 (linux; u; android 6.0.1; sm-g9250 build/mmb29k)',
  4 => 'ctl=user,act=state_change:java.net.SocketTimeoutException: timeout',
)

