执行日期：2017-06-16-08：48：34
array (
  0 => '/home/wwwroot/fanwe/mapi/lib/pay.action.php',
  1 => 135,
  2 => 'payModule::recharge',
  3 => 
  array (
    'error' => '无任何支付方式',
  ),
)

执行日期：2017-06-16-08：50：20
array (
  0 => '/home/wwwroot/fanwe/mapi/lib/pay.action.php',
  1 => 135,
  2 => 'payModule::recharge',
  3 => 
  array (
    'error' => '无任何支付方式',
  ),
)

执行日期：2017-06-16-10：24：29
array (
  0 => 'android',
  1 => '2017051501',
  2 => '',
  3 => 'dalvik/2.1.0 (linux; u; android 6.0.1; mi 4lte miui/v8.1.3.0.mxdcndi)',
  4 => 'ctl=index,act=index:java.net.SocketTimeoutException: timeout',
)

执行日期：2017-06-16-10：32：15
array (
  0 => 'android',
  1 => '2017051501',
  2 => '',
  3 => 'dalvik/2.1.0 (linux; u; android 6.0.1; mi 4lte miui/v8.1.3.0.mxdcndi)',
  4 => 'ctl=index,act=index:java.net.SocketTimeoutException: timeout',
)

执行日期：2017-06-16-10：32：22
array (
  0 => 'android',
  1 => '2017051501',
  2 => '',
  3 => 'dalvik/2.1.0 (linux; u; android 6.0.1; redmi 4a miui/v8.0.3.0.mcccndi)',
  4 => 'ctl=index,act=new_video:java.net.SocketTimeoutException: timeout',
)

执行日期：2017-06-16-10：33：01
array (
  0 => 'android',
  1 => '2017051501',
  2 => '',
  3 => 'dalvik/2.1.0 (linux; u; android 6.0.1; mi 4lte miui/v8.1.3.0.mxdcndi)',
  4 => 'ctl=index,act=new_video:java.net.SocketTimeoutException: timeout',
)

执行日期：2017-06-16-10：36：09
array (
  0 => 'android',
  1 => '2017051501',
  2 => '',
  3 => 'dalvik/2.1.0 (linux; u; android 6.0.1; redmi 4a miui/v8.0.3.0.mcccndi)',
  4 => 'ctl=app,act=init:java.net.SocketTimeoutException: timeout',
)

执行日期：2017-06-16-11：01：51
array (
  0 => 'android',
  1 => '2017051501',
  2 => '',
  3 => 'dalvik/2.1.0 (linux; u; android 6.0.1; redmi 4a miui/v8.0.3.0.mcccndi)',
  4 => 'ctl=index,act=index:java.net.SocketTimeoutException: timeout',
)

执行日期：2017-06-16-11：31：07
array (
  0 => '/home/wwwroot/fanwe/mapi/lib/music.action.php',
  1 => 461,
  2 => 'musicModule::downurl',
  3 => 
  array (
    'error_code' => 22000,
  ),
)

执行日期：2017-06-16-11：55：12
array (
  0 => 'android',
  1 => '2017061601',
  2 => '',
  3 => 'dalvik/2.1.0 (linux; u; android 5.1.1; mi-4c miui/v8.2.1.0.lxkcndl)',
  4 => 'ctl=video,act=add_video:java.io.EOFException',
)

执行日期：2017-06-16-11：57：38
array (
  0 => 'android',
  1 => '2017051501',
  2 => '',
  3 => 'dalvik/2.1.0 (linux; u; android 6.0.1; sm-g9250 build/mmb29k)',
  4 => 'ctl=user,act=state_change:java.io.IOException: unexpected end of stream on Connection{www.pidantv.com:443, proxy=DIRECT@ hostAddress=120.55.16.24 cipherSuite=TLS_ECDHE_RSA_WITH_AES_128_GCM_SHA256 protocol=http/1.1} (recycle count=2)',
)

执行日期：2017-06-16-12：34：39
array (
  0 => 'android',
  1 => '2017051501',
  2 => '',
  3 => 'dalvik/2.1.0 (linux; u; android 6.0.1; sm-g9250 build/mmb29k)',
  4 => 'ctl=index,act=index:java.io.IOException: unexpected end of stream on Connection{www.pidantv.com:443, proxy=DIRECT@ hostAddress=120.55.16.24 cipherSuite=TLS_ECDHE_RSA_WITH_AES_128_GCM_SHA256 protocol=http/1.1} (recycle count=16)',
)

执行日期：2017-06-16-13：13：36
array (
  0 => 'android',
  1 => '2017051501',
  2 => '',
  3 => 'dalvik/2.1.0 (linux; u; android 6.0.1; m2 e build/mmb29u)',
  4 => 'ctl=video,act=add_video:java.net.SocketTimeoutException: timeout',
)

执行日期：2017-06-16-13：22：00
array (
  0 => '/home/wwwroot/fanwe/mapi/lib/music.action.php',
  1 => 461,
  2 => 'musicModule::downurl',
  3 => 
  array (
    'error_code' => 22000,
  ),
)

执行日期：2017-06-16-13：22：03
array (
  0 => '/home/wwwroot/fanwe/mapi/lib/music.action.php',
  1 => 461,
  2 => 'musicModule::downurl',
  3 => 
  array (
    'error_code' => 22000,
  ),
)

执行日期：2017-06-16-13：39：48
array (
  0 => 'android',
  1 => '2017061601',
  2 => '',
  3 => 'dalvik/2.1.0 (linux; u; android 6.0.1; redmi 4a miui/v8.0.3.0.mcccndi)',
  4 => 'ctl=index,act=new_video:java.io.IOException: unexpected end of stream on Connection{www.pidantv.com:443, proxy=DIRECT@ hostAddress=120.55.16.24 cipherSuite=TLS_ECDHE_RSA_WITH_AES_128_GCM_SHA256 protocol=http/1.1} (recycle count=2)',
)

执行日期：2017-06-16-13：43：51
array (
  0 => 'android',
  1 => '2017051501',
  2 => '',
  3 => 'dalvik/2.1.0 (linux; u; android 6.0.1; m2 e build/mmb29u)',
  4 => 'ctl=video,act=like:java.net.SocketTimeoutException: timeout',
)

执行日期：2017-06-16-13：43：53
array (
  0 => 'android',
  1 => '2017061601',
  2 => '',
  3 => 'dalvik/2.1.0 (linux; u; android 6.0.1; redmi 4a miui/v8.0.3.0.mcccndi)',
  4 => 'ctl=index,act=index:java.net.SocketTimeoutException: timeout',
)

执行日期：2017-06-16-13：44：03
array (
  0 => 'android',
  1 => '2017051501',
  2 => '',
  3 => 'dalvik/2.1.0 (linux; u; android 7.0; eva-tl00 build/huaweieva-tl00)',
  4 => 'ctl=app,act=init:java.net.SocketTimeoutException: timeout',
)

执行日期：2017-06-16-13：54：40
array (
  0 => 'android',
  1 => '2017051501',
  2 => '',
  3 => 'dalvik/2.1.0 (linux; u; android 6.0.1; mi 4lte miui/v8.1.3.0.mxdcndi)',
  4 => 'ctl=user,act=userinfo:java.io.IOException: unexpected end of stream on Connection{www.pidantv.com:443, proxy=DIRECT@ hostAddress=120.55.16.24 cipherSuite=TLS_ECDHE_RSA_WITH_AES_128_GCM_SHA256 protocol=http/1.1} (recycle count=2)',
)

执行日期：2017-06-16-13：55：11
array (
  0 => 'android',
  1 => '2017061601',
  2 => '',
  3 => 'dalvik/2.1.0 (linux; u; android 6.0.1; redmi 4a miui/v8.0.3.0.mcccndi)',
  4 => 'ctl=index,act=new_video:java.net.SocketTimeoutException: timeout',
)

执行日期：2017-06-16-13：56：51
array (
  0 => 'android',
  1 => '2017061601',
  2 => '',
  3 => 'dalvik/2.1.0 (linux; u; android 6.0.1; redmi 4a miui/v8.0.3.0.mcccndi)',
  4 => 'ctl=index,act=new_video:java.net.SocketTimeoutException: timeout',
)

执行日期：2017-06-16-13：57：31
array (
  0 => 'android',
  1 => '2017061601',
  2 => '',
  3 => 'dalvik/2.1.0 (linux; u; android 6.0.1; redmi 4a miui/v8.0.3.0.mcccndi)',
  4 => 'ctl=index,act=new_video:java.net.SocketTimeoutException: timeout',
)

执行日期：2017-06-16-13：58：20
array (
  0 => 'android',
  1 => '2017061601',
  2 => '',
  3 => 'dalvik/2.1.0 (linux; u; android 6.0.1; redmi 4a miui/v8.0.3.0.mcccndi)',
  4 => 'ctl=index,act=new_video:java.io.IOException: unexpected end of stream on Connection{www.pidantv.com:443, proxy=DIRECT@ hostAddress=120.55.16.24 cipherSuite=TLS_ECDHE_RSA_WITH_AES_128_GCM_SHA256 protocol=http/1.1} (recycle count=1)',
)

执行日期：2017-06-16-13：58：36
array (
  0 => 'android',
  1 => '2017061601',
  2 => '',
  3 => 'dalvik/2.1.0 (linux; u; android 6.0.1; redmi 4a miui/v8.0.3.0.mcccndi)',
  4 => 'ctl=index,act=new_video:javax.net.ssl.SSLException: Read error: ssl=0xab46dbe0: I/O error during system call, Connection reset by peer',
)

执行日期：2017-06-16-14：02：17
array (
  0 => 'android',
  1 => '2017061601',
  2 => '',
  3 => 'dalvik/2.1.0 (linux; u; android 6.0.1; redmi 4a miui/v8.0.3.0.mcccndi)',
  4 => 'ctl=index,act=new_video:java.net.SocketTimeoutException: timeout',
)

执行日期：2017-06-16-14：02：25
array (
  0 => 'android',
  1 => '2017061601',
  2 => '',
  3 => 'dalvik/2.1.0 (linux; u; android 6.0.1; redmi 4a miui/v8.0.3.0.mcccndi)',
  4 => 'ctl=index,act=index:java.net.SocketTimeoutException: timeout',
)

执行日期：2017-06-16-14：04：09
array (
  0 => 'android',
  1 => '2017061601',
  2 => '',
  3 => 'dalvik/2.1.0 (linux; u; android 6.0.1; redmi 4a miui/v8.0.3.0.mcccndi)',
  4 => 'ctl=index,act=index:java.net.SocketTimeoutException: timeout',
)

执行日期：2017-06-16-14：04：29
array (
  0 => 'android',
  1 => '2017061601',
  2 => '',
  3 => 'dalvik/2.1.0 (linux; u; android 6.0.1; redmi 4a miui/v8.0.3.0.mcccndi)',
  4 => 'ctl=index,act=new_video:javax.net.ssl.SSLException: Read error: ssl=0xabd689b0: I/O error during system call, Connection reset by peer',
)

执行日期：2017-06-16-14：07：21
array (
  0 => 'android',
  1 => '2017061601',
  2 => '',
  3 => 'dalvik/2.1.0 (linux; u; android 6.0.1; redmi 4a miui/v8.0.3.0.mcccndi)',
  4 => 'ctl=index,act=new_video:java.io.IOException: unexpected end of stream on Connection{www.pidantv.com:443, proxy=DIRECT@ hostAddress=120.55.16.24 cipherSuite=TLS_ECDHE_RSA_WITH_AES_128_GCM_SHA256 protocol=http/1.1} (recycle count=1)',
)

执行日期：2017-06-16-14：07：22
array (
  0 => 'android',
  1 => '2017061601',
  2 => '',
  3 => 'dalvik/2.1.0 (linux; u; android 6.0.1; redmi 4a miui/v8.0.3.0.mcccndi)',
  4 => 'ctl=user,act=userinfo:java.net.SocketTimeoutException: timeout',
)

执行日期：2017-06-16-14：09：42
array (
  0 => 'android',
  1 => '2017061602',
  2 => '',
  3 => 'dalvik/2.1.0 (linux; u; android 6.0.1; redmi 4a miui/v8.0.3.0.mcccndi)',
  4 => 'ctl=app,act=init:java.net.SocketTimeoutException: timeout',
)

执行日期：2017-06-16-14：20：51
array (
  0 => 'android',
  1 => '2017061601',
  2 => '',
  3 => 'dalvik/2.1.0 (linux; u; android 5.1.1; mi-4c miui/v8.2.1.0.lxkcndl)',
  4 => 'ctl=app,act=init:java.net.SocketTimeoutException: Read timed out',
)

执行日期：2017-06-16-14：28：19
array (
  0 => 'android',
  1 => '2017051501',
  2 => '',
  3 => 'dalvik/2.1.0 (linux; u; android 5.1; m1 metal build/lmy47i)',
  4 => 'ctl=video,act=monitor:java.io.EOFException',
)

执行日期：2017-06-16-14：44：26
array (
  0 => 'android',
  1 => '2017051501',
  2 => '',
  3 => 'dalvik/2.1.0 (linux; u; android 6.0.1; m2 e build/mmb29u)',
  4 => 'ctl=index,act=index:java.net.SocketTimeoutException: SSL handshake timed out',
)

执行日期：2017-06-16-14：55：16
array (
  0 => 'android',
  1 => '2017051501',
  2 => '',
  3 => 'dalvik/2.1.0 (linux; u; android 7.0; eva-tl00 build/huaweieva-tl00)',
  4 => 'ctl=index,act=new_video:java.io.IOException: unexpected end of stream on Connection{www.pidantv.com:443, proxy=DIRECT hostAddress=120.55.16.24 cipherSuite=TLS_ECDHE_RSA_WITH_AES_128_GCM_SHA256 protocol=http/1.1} (recycle count=1)',
)

执行日期：2017-06-16-14：55：55
array (
  0 => 'android',
  1 => '2017051501',
  2 => '',
  3 => 'dalvik/2.1.0 (linux; u; android 7.0; eva-tl00 build/huaweieva-tl00)',
  4 => 'ctl=index,act=index:java.net.SocketTimeoutException: timeout',
)

执行日期：2017-06-16-14：56：25
array (
  0 => 'android',
  1 => '2017051501',
  2 => '',
  3 => 'dalvik/2.1.0 (linux; u; android 6.0.1; sm-g9250 build/mmb29k)',
  4 => 'ctl=user,act=state_change:java.net.UnknownHostException: Unable to resolve host "www.pidantv.com": No address associated with hostname',
)

执行日期：2017-06-16-15：14：51
array (
  0 => 'android',
  1 => '2017051501',
  2 => '',
  3 => 'dalvik/2.1.0 (linux; u; android 6.0; letv x501 build/dbxcnop5902303111s)',
  4 => 'ctl=index,act=index:java.net.SocketTimeoutException: timeout',
)

执行日期：2017-06-16-15：20：17
array (
  0 => 'android',
  1 => '2017051501',
  2 => '',
  3 => 'dalvik/2.1.0 (linux; u; android 6.0; letv x501 build/dbxcnop5902303111s)',
  4 => 'ctl=index,act=index:java.io.IOException: unexpected end of stream on Connection{www.pidantv.com:443, proxy=DIRECT@ hostAddress=120.55.16.24 cipherSuite=TLS_ECDHE_RSA_WITH_AES_128_GCM_SHA256 protocol=http/1.1} (recycle count=1)',
)

执行日期：2017-06-16-15：20：36
array (
  0 => 'android',
  1 => '2017051501',
  2 => '',
  3 => 'dalvik/2.1.0 (linux; u; android 6.0; letv x501 build/dbxcnop5902303111s)',
  4 => 'ctl=index,act=index:java.io.IOException: unexpected end of stream on Connection{www.pidantv.com:443, proxy=DIRECT@ hostAddress=120.55.16.24 cipherSuite=TLS_ECDHE_RSA_WITH_AES_128_GCM_SHA256 protocol=http/1.1} (recycle count=1)',
)

执行日期：2017-06-16-15：26：38
array (
  0 => 'android',
  1 => '2017051501',
  2 => '',
  3 => 'dalvik/2.1.0 (linux; u; android 6.0; letv x501 build/dbxcnop5902303111s)',
  4 => 'ctl=index,act=new_video:java.io.IOException: unexpected end of stream on Connection{www.pidantv.com:443, proxy=DIRECT@ hostAddress=120.55.16.24 cipherSuite=TLS_ECDHE_RSA_WITH_AES_128_GCM_SHA256 protocol=http/1.1} (recycle count=2)',
)

执行日期：2017-06-16-15：26：58
array (
  0 => 'android',
  1 => '2017051501',
  2 => '',
  3 => 'dalvik/2.1.0 (linux; u; android 6.0; letv x501 build/dbxcnop5902303111s)',
  4 => 'ctl=index,act=new_video:java.io.IOException: unexpected end of stream on Connection{www.pidantv.com:443, proxy=DIRECT@ hostAddress=120.55.16.24 cipherSuite=TLS_ECDHE_RSA_WITH_AES_128_GCM_SHA256 protocol=http/1.1} (recycle count=2)',
)

执行日期：2017-06-16-15：28：08
array (
  0 => 'android',
  1 => '2017061602',
  2 => '',
  3 => 'dalvik/2.1.0 (linux; u; android 6.0.1; mi 4lte miui/v8.2.1.0.mxdcndl)',
  4 => 'ctl=user,act=my_follow:java.io.IOException: unexpected end of stream on Connection{www.pidantv.com:443, proxy=DIRECT@ hostAddress=120.55.16.24 cipherSuite=TLS_ECDHE_RSA_WITH_AES_128_GCM_SHA256 protocol=http/1.1} (recycle count=5)',
)

执行日期：2017-06-16-15：34：24
array (
  0 => 'android',
  1 => '2017061602',
  2 => '',
  3 => 'dalvik/2.1.0 (linux; u; android 6.0.1; mi 4lte miui/v8.2.1.0.mxdcndl)',
  4 => 'ctl=video,act=like:javax.net.ssl.SSLException: Read error: ssl=0x87122780: I/O error during system call, Connection reset by peer',
)

执行日期：2017-06-16-15：35：02
array (
  0 => 'android',
  1 => '2017061602',
  2 => '',
  3 => 'dalvik/2.1.0 (linux; u; android 6.0.1; mi 4lte miui/v8.2.1.0.mxdcndl)',
  4 => 'ctl=index,act=focus_video:java.net.SocketTimeoutException: timeout',
)

执行日期：2017-06-16-15：43：01
array (
  0 => 'android',
  1 => '2017061602',
  2 => '',
  3 => 'dalvik/2.1.0 (linux; u; android 6.0.1; redmi 4a miui/v8.0.3.0.mcccndi)',
  4 => 'ctl=index,act=new_video:java.net.SocketTimeoutException: timeout',
)

执行日期：2017-06-16-15：47：31
array (
  0 => 'android',
  1 => '2017061602',
  2 => '',
  3 => 'dalvik/2.1.0 (linux; u; android 6.0.1; mi 4lte miui/v8.2.1.0.mxdcndl)',
  4 => 'ctl=user,act=userinfo:java.net.SocketTimeoutException: timeout',
)

执行日期：2017-06-16-15：49：18
array (
  0 => 'android',
  1 => '2017061602',
  2 => '',
  3 => 'dalvik/2.1.0 (linux; u; android 6.0.1; mi 4lte miui/v8.2.1.0.mxdcndl)',
  4 => 'ctl=user,act=userinfo:java.io.IOException: unexpected end of stream on Connection{www.pidantv.com:443, proxy=DIRECT@ hostAddress=120.55.16.24 cipherSuite=TLS_ECDHE_RSA_WITH_AES_128_GCM_SHA256 protocol=http/1.1} (recycle count=2)',
)

执行日期：2017-06-16-15：53：32
array (
  0 => 'android',
  1 => '2017061602',
  2 => '',
  3 => 'dalvik/2.1.0 (linux; u; android 6.0.1; mi 4lte miui/v8.2.1.0.mxdcndl)',
  4 => 'ctl=app,act=aliyun_sts:java.net.SocketTimeoutException: timeout',
)

执行日期：2017-06-16-15：54：28
array (
  0 => 'android',
  1 => '2017051501',
  2 => '',
  3 => 'dalvik/2.1.0 (linux; u; android 6.0.1; m2 e build/mmb29u)',
  4 => 'ctl=user,act=userinfo:java.net.SocketTimeoutException: SSL handshake timed out',
)

执行日期：2017-06-16-15：56：02
array (
  0 => 'android',
  1 => '2017051501',
  2 => '',
  3 => 'dalvik/2.1.0 (linux; u; android 5.1.1; oppo r9 plusm a build/lmy47v)',
  4 => 'ctl=video,act=monitor:java.io.EOFException',
)

执行日期：2017-06-16-15：57：44
array (
  0 => 'android',
  1 => '2017051501',
  2 => '',
  3 => 'dalvik/2.1.0 (linux; u; android 5.1.1; oppo r9 plusm a build/lmy47v)',
  4 => 'ctl=video,act=monitor:java.io.EOFException',
)

执行日期：2017-06-16-16：00：31
array (
  0 => 'android',
  1 => '2017061602',
  2 => '',
  3 => 'dalvik/2.1.0 (linux; u; android 6.0.1; mi 4lte miui/v8.2.1.0.mxdcndl)',
  4 => 'ctl=user,act=state_change:java.io.IOException: unexpected end of stream on Connection{www.pidantv.com:443, proxy=DIRECT@ hostAddress=120.55.16.24 cipherSuite=TLS_ECDHE_RSA_WITH_AES_128_GCM_SHA256 protocol=http/1.1} (recycle count=2)',
)

执行日期：2017-06-16-16：01：26
array (
  0 => 'android',
  1 => '2017051501',
  2 => '',
  3 => 'dalvik/2.1.0 (linux; u; android 5.1.1; oppo r9 plusm a build/lmy47v)',
  4 => 'ctl=video,act=monitor:java.io.EOFException',
)

执行日期：2017-06-16-16：05：53
array (
  0 => 'android',
  1 => '2017061602',
  2 => '',
  3 => 'dalvik/2.1.0 (linux; u; android 6.0.1; mi 4lte miui/v8.2.1.0.mxdcndl)',
  4 => 'ctl=video,act=get_video2:java.net.SocketTimeoutException: SSL handshake timed out',
)

执行日期：2017-06-16-16：11：49
array (
  0 => 'android',
  1 => '2017061602',
  2 => '',
  3 => 'dalvik/2.1.0 (linux; u; android 6.0.1; mi 4lte miui/v8.2.1.0.mxdcndl)',
  4 => 'ctl=user,act=userinfo:java.net.SocketTimeoutException: timeout',
)

执行日期：2017-06-16-16：11：59
array (
  0 => 'android',
  1 => '2017061602',
  2 => '',
  3 => 'dalvik/2.1.0 (linux; u; android 6.0.1; mi 4lte miui/v8.2.1.0.mxdcndl)',
  4 => 'ctl=index,act=new_video:java.net.SocketTimeoutException: timeout',
)

执行日期：2017-06-16-16：12：14
array (
  0 => 'android',
  1 => '2017061602',
  2 => '',
  3 => 'dalvik/2.1.0 (linux; u; android 6.0.1; mi 4lte miui/v8.2.1.0.mxdcndl)',
  4 => 'ctl=user_center,act=user_save:java.io.IOException: unexpected end of stream on Connection{www.pidantv.com:443, proxy=DIRECT@ hostAddress=120.55.16.24 cipherSuite=TLS_ECDHE_RSA_WITH_AES_128_GCM_SHA256 protocol=http/1.1} (recycle count=3)',
)

执行日期：2017-06-16-16：13：58
array (
  0 => 'android',
  1 => '2017061602',
  2 => '',
  3 => 'dalvik/2.1.0 (linux; u; android 6.0.1; mi 4lte miui/v8.2.1.0.mxdcndl)',
  4 => 'ctl=index,act=focus_video:java.net.SocketTimeoutException: timeout',
)

执行日期：2017-06-16-16：13：59
array (
  0 => 'android',
  1 => '2017061602',
  2 => '',
  3 => 'dalvik/2.1.0 (linux; u; android 6.0.1; mi 4lte miui/v8.2.1.0.mxdcndl)',
  4 => 'ctl=user,act=userinfo:java.net.SocketTimeoutException: timeout',
)

执行日期：2017-06-16-16：13：59
array (
  0 => 'android',
  1 => '2017061602',
  2 => '',
  3 => 'dalvik/2.1.0 (linux; u; android 6.0.1; mi 4lte miui/v8.2.1.0.mxdcndl)',
  4 => 'ctl=user,act=userinfo:java.net.SocketTimeoutException: timeout',
)

执行日期：2017-06-16-16：22：31
array (
  0 => 'android',
  1 => '2017061602',
  2 => '',
  3 => 'dalvik/2.1.0 (linux; u; android 6.0.1; mi 4lte miui/v8.2.1.0.mxdcndl)',
  4 => 'ctl=index,act=new_video:java.net.SocketTimeoutException: timeout',
)

执行日期：2017-06-16-16：22：37
array (
  0 => 'android',
  1 => '2017061602',
  2 => '',
  3 => 'dalvik/2.1.0 (linux; u; android 6.0.1; mi 4lte miui/v8.2.1.0.mxdcndl)',
  4 => 'ctl=index,act=new_video:java.net.SocketTimeoutException: failed to connect to www.pidantv.com/120.55.16.24 (port 443) after 15000ms',
)

执行日期：2017-06-16-16：23：04
array (
  0 => 'android',
  1 => '2017061602',
  2 => '',
  3 => 'dalvik/2.1.0 (linux; u; android 6.0.1; mi 4lte miui/v8.2.1.0.mxdcndl)',
  4 => 'ctl=index,act=new_video:java.net.SocketTimeoutException: timeout',
)

执行日期：2017-06-16-16：23：08
array (
  0 => 'android',
  1 => '2017061602',
  2 => '',
  3 => 'dalvik/2.1.0 (linux; u; android 6.0.1; mi 4lte miui/v8.2.1.0.mxdcndl)',
  4 => 'ctl=index,act=index:java.net.SocketTimeoutException: timeout',
)

执行日期：2017-06-16-16：23：50
array (
  0 => 'android',
  1 => '2017061602',
  2 => '',
  3 => 'dalvik/2.1.0 (linux; u; android 6.0.1; mi 4lte miui/v8.2.1.0.mxdcndl)',
  4 => 'ctl=user,act=userinfo:java.net.SocketTimeoutException: timeout',
)

执行日期：2017-06-16-16：29：49
array (
  0 => 'android',
  1 => '2017051501',
  2 => '',
  3 => 'dalvik/2.1.0 (linux; u; android 5.1; m1 metal build/lmy47i)',
  4 => 'ctl=index,act=index:java.io.EOFException',
)

执行日期：2017-06-16-16：29：49
array (
  0 => 'android',
  1 => '2017051501',
  2 => '',
  3 => 'dalvik/2.1.0 (linux; u; android 5.1; m1 metal build/lmy47i)',
  4 => 'ctl=index,act=new_video:java.io.EOFException',
)

执行日期：2017-06-16-16：30：37
array (
  0 => 'android',
  1 => '2017051501',
  2 => '',
  3 => 'dalvik/2.1.0 (linux; u; android 7.0; eva-tl00 build/huaweieva-tl00)',
  4 => 'ctl=index,act=index:java.net.SocketTimeoutException: timeout',
)

执行日期：2017-06-16-16：30：39
array (
  0 => 'android',
  1 => '2017051501',
  2 => '',
  3 => 'dalvik/2.1.0 (linux; u; android 7.0; eva-tl00 build/huaweieva-tl00)',
  4 => 'ctl=video,act=like:java.net.SocketTimeoutException: timeout',
)

执行日期：2017-06-16-16：30：58
array (
  0 => 'android',
  1 => '2017051501',
  2 => '',
  3 => 'dalvik/2.1.0 (linux; u; android 7.0; eva-tl00 build/huaweieva-tl00)',
  4 => 'ctl=index,act=new_video:java.net.SocketTimeoutException: timeout',
)

执行日期：2017-06-16-16：49：20
array (
  0 => 'android',
  1 => '2017051501',
  2 => '',
  3 => 'dalvik/2.1.0 (linux; u; android 7.0; eva-tl00 build/huaweieva-tl00)',
  4 => 'ctl=app,act=init:java.net.SocketTimeoutException: timeout',
)

执行日期：2017-06-16-16：53：40
array (
  0 => 'android',
  1 => '2017051501',
  2 => '',
  3 => 'dalvik/2.1.0 (linux; u; android 5.1; m1 metal build/lmy47i)',
  4 => 'ctl=video,act=monitor:java.io.EOFException',
)

执行日期：2017-06-16-17：03：55
array (
  0 => 'android',
  1 => '2017051501',
  2 => '',
  3 => 'dalvik/2.1.0 (linux; u; android 5.1; m1 metal build/lmy47i)',
  4 => 'ctl=app,act=init:java.net.SocketTimeoutException: Read timed out',
)

执行日期：2017-06-16-17：17：18
array (
  0 => 'android',
  1 => '2017051501',
  2 => '',
  3 => 'dalvik/2.1.0 (linux; u; android 6.0.1; redmi 4a miui/v8.0.3.0.mcccndi)',
  4 => 'ctl=index,act=index:java.net.SocketTimeoutException: timeout',
)

执行日期：2017-06-16-17：31：35
array (
  0 => 'android',
  1 => '2017061601',
  2 => '',
  3 => 'dalvik/2.1.0 (linux; u; android 6.0; u20 build/mra58k)',
  4 => 'ctl=family_user,act=r_user_list:java.io.IOException: unexpected end of stream on Connection{www.pidantv.com:443, proxy=DIRECT@ hostAddress=120.55.16.24 cipherSuite=TLS_ECDHE_RSA_WITH_AES_128_GCM_SHA256 protocol=http/1.1} (recycle count=5)',
)

执行日期：2017-06-16-17：40：29
array (
  0 => 'android',
  1 => '20170616',
  2 => '',
  3 => 'dalvik/2.1.0 (linux; u; android 7.0; eva-tl00 build/huaweieva-tl00)',
  4 => 'ctl=app,act=init:java.net.SocketTimeoutException: SSL handshake timed out',
)

执行日期：2017-06-16-17：45：25
array (
  0 => 'android',
  1 => '2017051501',
  2 => '',
  3 => 'dalvik/2.1.0 (linux; u; android 6.0.1; redmi 4a miui/v8.0.3.0.mcccndi)',
  4 => 'ctl=index,act=new_video:java.net.SocketTimeoutException: timeout',
)

执行日期：2017-06-16-18：11：59
array (
  0 => 'android',
  1 => '2017051501',
  2 => '',
  3 => 'dalvik/2.1.0 (linux; u; android 6.0.1; sm-c5010 build/mmb29m)',
  4 => 'ctl=user,act=state_change:java.net.SocketTimeoutException: failed to connect to www.pidantv.com/120.55.16.24 (port 443) after 15000ms',
)

执行日期：2017-06-16-19：03：04
array (
  0 => 'android',
  1 => '20170616',
  2 => '',
  3 => 'dalvik/2.1.0 (linux; u; android 6.0.1; m2 e build/mmb29u)',
  4 => 'ctl=video,act=end_video:java.net.SocketTimeoutException: timeout',
)

执行日期：2017-06-16-20：24：49
array (
  0 => 'android',
  1 => '2017051501',
  2 => '',
  3 => 'dalvik/2.1.0 (linux; u; android 5.1; m1 metal build/lmy47i)',
  4 => 'ctl=app,act=init:java.net.SocketTimeoutException: Read timed out',
)

执行日期：2017-06-16-21：04：21
array (
  0 => 'android',
  1 => '20170616',
  2 => '',
  3 => 'dalvik/2.1.0 (linux; u; android 6.0.1; m2 e build/mmb29u)',
  4 => 'ctl=user,act=user_home:java.io.IOException: unexpected end of stream on Connection{www.pidantv.com:443, proxy=DIRECT@ hostAddress=120.55.16.24 cipherSuite=TLS_ECDHE_RSA_WITH_AES_128_GCM_SHA256 protocol=http/1.1} (recycle count=2)',
)

执行日期：2017-06-16-21：22：02
array (
  0 => 'android',
  1 => '20170616',
  2 => '',
  3 => 'dalvik/2.1.0 (linux; u; android 6.0.1; m2 e build/mmb29u)',
  4 => 'ctl=app,act=init:java.net.SocketTimeoutException: timeout',
)

执行日期：2017-06-16-23：20：40
array (
  0 => 'android',
  1 => '2017051501',
  2 => '',
  3 => 'dalvik/2.1.0 (linux; u; android 7.1.1; od103 build/nmf26f)',
  4 => 'ctl=app,act=init:java.net.SocketTimeoutException: timeout',
)

